The system is: Linux - 3.10.0-1160.62.1.1chaos.ch6.x86_64 - x86_64
Compiling the CXX compiler identification source file "CMakeCXXCompilerId.cpp" succeeded.
Compiler: /usr/tce/packages/gcc/gcc-8.1.0/bin/g++ 
Build flags: 
Id flags:  

The output was:
0


Compilation of the CXX compiler identification source "CMakeCXXCompilerId.cpp" produced "a.out"

The CXX compiler identification is GNU, found in "/g/g20/cuneo3/testraja/RAJA/build_lc_toss3-gcc-8.1.0/CMakeFiles/3.14.5/CompilerIdCXX/a.out"

Compiling the C compiler identification source file "CMakeCCompilerId.c" succeeded.
Compiler: /usr/tce/packages/gcc/gcc-8.1.0/bin/cc 
Build flags: 
Id flags:  

The output was:
0


Compilation of the C compiler identification source "CMakeCCompilerId.c" produced "a.out"

The C compiler identification is GNU, found in "/g/g20/cuneo3/testraja/RAJA/build_lc_toss3-gcc-8.1.0/CMakeFiles/3.14.5/CompilerIdC/a.out"

Determining if the CXX compiler works passed with the following output:
Change Dir: /g/g20/cuneo3/testraja/RAJA/build_lc_toss3-gcc-8.1.0/CMakeFiles/CMakeTmp

Run Build Command(s):/usr/bin/gmake cmTC_aa7ba/fast 
/usr/bin/gmake -f CMakeFiles/cmTC_aa7ba.dir/build.make CMakeFiles/cmTC_aa7ba.dir/build
gmake[1]: Entering directory `/g/g20/cuneo3/testraja/RAJA/build_lc_toss3-gcc-8.1.0/CMakeFiles/CMakeTmp'
Building CXX object CMakeFiles/cmTC_aa7ba.dir/testCXXCompiler.cxx.o
/usr/tce/packages/gcc/gcc-8.1.0/bin/g++     -o CMakeFiles/cmTC_aa7ba.dir/testCXXCompiler.cxx.o -c /g/g20/cuneo3/testraja/RAJA/build_lc_toss3-gcc-8.1.0/CMakeFiles/CMakeTmp/testCXXCompiler.cxx
Linking CXX executable cmTC_aa7ba
/usr/tce/packages/cmake/cmake-3.14.5/bin/cmake -E cmake_link_script CMakeFiles/cmTC_aa7ba.dir/link.txt --verbose=1
/usr/tce/packages/gcc/gcc-8.1.0/bin/g++       -rdynamic CMakeFiles/cmTC_aa7ba.dir/testCXXCompiler.cxx.o  -o cmTC_aa7ba 
gmake[1]: Leaving directory `/g/g20/cuneo3/testraja/RAJA/build_lc_toss3-gcc-8.1.0/CMakeFiles/CMakeTmp'


Detecting CXX compiler ABI info compiled with the following output:
Change Dir: /g/g20/cuneo3/testraja/RAJA/build_lc_toss3-gcc-8.1.0/CMakeFiles/CMakeTmp

Run Build Command(s):/usr/bin/gmake cmTC_71c28/fast 
/usr/bin/gmake -f CMakeFiles/cmTC_71c28.dir/build.make CMakeFiles/cmTC_71c28.dir/build
gmake[1]: Entering directory `/g/g20/cuneo3/testraja/RAJA/build_lc_toss3-gcc-8.1.0/CMakeFiles/CMakeTmp'
Building CXX object CMakeFiles/cmTC_71c28.dir/CMakeCXXCompilerABI.cpp.o
/usr/tce/packages/gcc/gcc-8.1.0/bin/g++    -v -o CMakeFiles/cmTC_71c28.dir/CMakeCXXCompilerABI.cpp.o -c /usr/tce/packages/cmake/cmake-3.14.5/share/cmake/Modules/CMakeCXXCompilerABI.cpp
Reading specs from /usr/tce/packages/gcc/gcc-8.1.0/lib64/gcc/x86_64-pc-linux-gnu/8.1.0/specs
COLLECT_GCC=/usr/tce/packages/gcc/gcc-8.1.0/bin/g++
Target: x86_64-pc-linux-gnu
Configured with: /builddir/build/BUILD/gccspack/spack/var/spack/stage/gcc-8.1.0-yf4dn5leietjepntgrnkv4syhgmb2nmm/gcc-8.1.0/configure --prefix=/usr/tce/packages/gcc/gcc-8.1.0 --libdir=/usr/tce/packages/gcc/gcc-8.1.0/lib64 --disable-multilib --enable-languages=c,obj-c++,c++,fortran,objc,go,lto --with-mpfr=/ --with-gmp=/usr --enable-lto --with-quad --with-sysroot=/ --with-stage1-ldflags='-Wl,-rpath,/usr/tce/packages/gcc/gcc-8.1.0/lib -Wl,-rpath,/usr/tce/packages/gcc/gcc-8.1.0/lib64 -Wl,-rpath,/lib -Wl,-rpath,/builddir/build/BUILD/gccspack/spack/opt/spack/linux-rhel7-x86_64/gcc-4.8.5/isl-0.18-a6bgwfhlamdrd6tbb7l6oonhnxruvlfh/lib -Wl,-rpath,/usr/lib -Wl,-rpath,/usr/tce/packages/binutils/binutils-2.30/lib -Wl,-rpath,/lib -Wl,-rpath,/lib64 -Wl,-rpath,/usr/lib64 -Wl,-rpath,/usr/tce/packages/binutils/binutils-2.30/lib64 -Wl,-rpath,/lib64 -static-libstdc++ -static-libgcc' --with-boot-ldflags='-Wl,-rpath,/usr/tce/packages/gcc/gcc-8.1.0/lib -Wl,-rpath,/usr/tce/packages/gcc/gcc-8.1.0/lib64 -Wl,-rpath,/lib -Wl,-rpath,/builddir/build/BUILD/gccspack/spack/opt/spack/linux-rhel7-x86_64/gcc-4.8.5/isl-0.18-a6bgwfhlamdrd6tbb7l6oonhnxruvlfh/lib -Wl,-rpath,/usr/lib -Wl,-rpath,/usr/tce/packages/binutils/binutils-2.30/lib -Wl,-rpath,/lib -Wl,-rpath,/lib64 -Wl,-rpath,/usr/lib64 -Wl,-rpath,/usr/tce/packages/binutils/binutils-2.30/lib64 -Wl,-rpath,/lib64 -static-libstdc++ -static-libgcc' --with-gnu-ld --with-gnu-as --with-ld=/usr/tce/packages/gcc/gcc-8.1.0/bin/ld --with-as=/usr/tce/packages/gcc/gcc-8.1.0/bin/as --with-mpc=/ --with-isl=/builddir/build/BUILD/gccspack/spack/opt/spack/linux-rhel7-x86_64/gcc-4.8.5/isl-0.18-a6bgwfhlamdrd6tbb7l6oonhnxruvlfh
Thread model: posix
gcc version 8.1.0 (GCC) 
COLLECT_GCC_OPTIONS='-v' '-o' 'CMakeFiles/cmTC_71c28.dir/CMakeCXXCompilerABI.cpp.o' '-c' '-shared-libgcc' '-mtune=generic' '-march=x86-64'
 /usr/tce/packages/gcc/gcc-8.1.0/libexec/gcc/x86_64-pc-linux-gnu/8.1.0/cc1plus -quiet -v -D_GNU_SOURCE /usr/tce/packages/cmake/cmake-3.14.5/share/cmake/Modules/CMakeCXXCompilerABI.cpp -quiet -dumpbase CMakeCXXCompilerABI.cpp -mtune=generic -march=x86-64 -auxbase-strip CMakeFiles/cmTC_71c28.dir/CMakeCXXCompilerABI.cpp.o -version -o /var/tmp/cuneo3/ccSAu22a.s
GNU C++14 (GCC) version 8.1.0 (x86_64-pc-linux-gnu)
	compiled by GNU C version 8.1.0, GMP version 6.0.0, MPFR version 3.1.1, MPC version 1.0.1, isl version isl-0.18-GMP

GGC heuristics: --param ggc-min-expand=100 --param ggc-min-heapsize=131072
ignoring nonexistent directory "/usr/tce/packages/gcc/gcc-8.1.0/lib64/gcc/x86_64-pc-linux-gnu/8.1.0/../../../../x86_64-pc-linux-gnu/include"
#include "..." search starts here:
#include <...> search starts here:
 /usr/tce/packages/gcc/gcc-8.1.0/lib64/gcc/x86_64-pc-linux-gnu/8.1.0/../../../../include/c++/8.1.0
 /usr/tce/packages/gcc/gcc-8.1.0/lib64/gcc/x86_64-pc-linux-gnu/8.1.0/../../../../include/c++/8.1.0/x86_64-pc-linux-gnu
 /usr/tce/packages/gcc/gcc-8.1.0/lib64/gcc/x86_64-pc-linux-gnu/8.1.0/../../../../include/c++/8.1.0/backward
 /usr/tce/packages/gcc/gcc-8.1.0/lib64/gcc/x86_64-pc-linux-gnu/8.1.0/include
 /usr/local/include
 /usr/tce/packages/gcc/gcc-8.1.0/lib64/gcc/x86_64-pc-linux-gnu/8.1.0/include-fixed
 /usr/include
End of search list.
GNU C++14 (GCC) version 8.1.0 (x86_64-pc-linux-gnu)
	compiled by GNU C version 8.1.0, GMP version 6.0.0, MPFR version 3.1.1, MPC version 1.0.1, isl version isl-0.18-GMP

GGC heuristics: --param ggc-min-expand=100 --param ggc-min-heapsize=131072
Compiler executable checksum: fab5a6f98e2662ca42b7024e940b961b
COLLECT_GCC_OPTIONS='-v' '-o' 'CMakeFiles/cmTC_71c28.dir/CMakeCXXCompilerABI.cpp.o' '-c' '-shared-libgcc' '-mtune=generic' '-march=x86-64'
 /usr/tce/packages/gcc/gcc-8.1.0/bin/as -v --64 -o CMakeFiles/cmTC_71c28.dir/CMakeCXXCompilerABI.cpp.o /var/tmp/cuneo3/ccSAu22a.s
GNU assembler version 2.30 (x86_64-pc-linux-gnu) using BFD version (GNU Binutils) 2.30
COMPILER_PATH=/usr/tce/packages/gcc/gcc-8.1.0/libexec/gcc/x86_64-pc-linux-gnu/8.1.0/:/usr/tce/packages/gcc/gcc-8.1.0/libexec/gcc/x86_64-pc-linux-gnu/8.1.0/:/usr/tce/packages/gcc/gcc-8.1.0/libexec/gcc/x86_64-pc-linux-gnu/:/usr/tce/packages/gcc/gcc-8.1.0/lib64/gcc/x86_64-pc-linux-gnu/8.1.0/:/usr/tce/packages/gcc/gcc-8.1.0/lib64/gcc/x86_64-pc-linux-gnu/
LIBRARY_PATH=/usr/tce/packages/gcc/gcc-8.1.0/lib64/gcc/x86_64-pc-linux-gnu/8.1.0/:/usr/tce/packages/gcc/gcc-8.1.0/lib64/gcc/x86_64-pc-linux-gnu/8.1.0/../../../../lib64/:/lib/../lib64/:/usr/lib/../lib64/:/usr/tce/packages/gcc/gcc-8.1.0/lib64/gcc/x86_64-pc-linux-gnu/8.1.0/../../../:/lib/:/usr/lib/
COLLECT_GCC_OPTIONS='-v' '-o' 'CMakeFiles/cmTC_71c28.dir/CMakeCXXCompilerABI.cpp.o' '-c' '-shared-libgcc' '-mtune=generic' '-march=x86-64'
Linking CXX executable cmTC_71c28
/usr/tce/packages/cmake/cmake-3.14.5/bin/cmake -E cmake_link_script CMakeFiles/cmTC_71c28.dir/link.txt --verbose=1
/usr/tce/packages/gcc/gcc-8.1.0/bin/g++      -v -rdynamic CMakeFiles/cmTC_71c28.dir/CMakeCXXCompilerABI.cpp.o  -o cmTC_71c28 
Reading specs from /usr/tce/packages/gcc/gcc-8.1.0/lib64/gcc/x86_64-pc-linux-gnu/8.1.0/specs
COLLECT_GCC=/usr/tce/packages/gcc/gcc-8.1.0/bin/g++
COLLECT_LTO_WRAPPER=/usr/tce/packages/gcc/gcc-8.1.0/libexec/gcc/x86_64-pc-linux-gnu/8.1.0/lto-wrapper
Target: x86_64-pc-linux-gnu
Configured with: /builddir/build/BUILD/gccspack/spack/var/spack/stage/gcc-8.1.0-yf4dn5leietjepntgrnkv4syhgmb2nmm/gcc-8.1.0/configure --prefix=/usr/tce/packages/gcc/gcc-8.1.0 --libdir=/usr/tce/packages/gcc/gcc-8.1.0/lib64 --disable-multilib --enable-languages=c,obj-c++,c++,fortran,objc,go,lto --with-mpfr=/ --with-gmp=/usr --enable-lto --with-quad --with-sysroot=/ --with-stage1-ldflags='-Wl,-rpath,/usr/tce/packages/gcc/gcc-8.1.0/lib -Wl,-rpath,/usr/tce/packages/gcc/gcc-8.1.0/lib64 -Wl,-rpath,/lib -Wl,-rpath,/builddir/build/BUILD/gccspack/spack/opt/spack/linux-rhel7-x86_64/gcc-4.8.5/isl-0.18-a6bgwfhlamdrd6tbb7l6oonhnxruvlfh/lib -Wl,-rpath,/usr/lib -Wl,-rpath,/usr/tce/packages/binutils/binutils-2.30/lib -Wl,-rpath,/lib -Wl,-rpath,/lib64 -Wl,-rpath,/usr/lib64 -Wl,-rpath,/usr/tce/packages/binutils/binutils-2.30/lib64 -Wl,-rpath,/lib64 -static-libstdc++ -static-libgcc' --with-boot-ldflags='-Wl,-rpath,/usr/tce/packages/gcc/gcc-8.1.0/lib -Wl,-rpath,/usr/tce/packages/gcc/gcc-8.1.0/lib64 -Wl,-rpath,/lib -Wl,-rpath,/builddir/build/BUILD/gccspack/spack/opt/spack/linux-rhel7-x86_64/gcc-4.8.5/isl-0.18-a6bgwfhlamdrd6tbb7l6oonhnxruvlfh/lib -Wl,-rpath,/usr/lib -Wl,-rpath,/usr/tce/packages/binutils/binutils-2.30/lib -Wl,-rpath,/lib -Wl,-rpath,/lib64 -Wl,-rpath,/usr/lib64 -Wl,-rpath,/usr/tce/packages/binutils/binutils-2.30/lib64 -Wl,-rpath,/lib64 -static-libstdc++ -static-libgcc' --with-gnu-ld --with-gnu-as --with-ld=/usr/tce/packages/gcc/gcc-8.1.0/bin/ld --with-as=/usr/tce/packages/gcc/gcc-8.1.0/bin/as --with-mpc=/ --with-isl=/builddir/build/BUILD/gccspack/spack/opt/spack/linux-rhel7-x86_64/gcc-4.8.5/isl-0.18-a6bgwfhlamdrd6tbb7l6oonhnxruvlfh
Thread model: posix
gcc version 8.1.0 (GCC) 
COMPILER_PATH=/usr/tce/packages/gcc/gcc-8.1.0/libexec/gcc/x86_64-pc-linux-gnu/8.1.0/:/usr/tce/packages/gcc/gcc-8.1.0/libexec/gcc/x86_64-pc-linux-gnu/8.1.0/:/usr/tce/packages/gcc/gcc-8.1.0/libexec/gcc/x86_64-pc-linux-gnu/:/usr/tce/packages/gcc/gcc-8.1.0/lib64/gcc/x86_64-pc-linux-gnu/8.1.0/:/usr/tce/packages/gcc/gcc-8.1.0/lib64/gcc/x86_64-pc-linux-gnu/
LIBRARY_PATH=/usr/tce/packages/gcc/gcc-8.1.0/lib64/gcc/x86_64-pc-linux-gnu/8.1.0/:/usr/tce/packages/gcc/gcc-8.1.0/lib64/gcc/x86_64-pc-linux-gnu/8.1.0/../../../../lib64/:/lib/../lib64/:/usr/lib/../lib64/:/usr/tce/packages/gcc/gcc-8.1.0/lib64/gcc/x86_64-pc-linux-gnu/8.1.0/../../../:/lib/:/usr/lib/
COLLECT_GCC_OPTIONS='-v' '-rdynamic' '-o' 'cmTC_71c28' '-shared-libgcc' '-mtune=generic' '-march=x86-64'
 /usr/tce/packages/gcc/gcc-8.1.0/libexec/gcc/x86_64-pc-linux-gnu/8.1.0/collect2 -plugin /usr/tce/packages/gcc/gcc-8.1.0/libexec/gcc/x86_64-pc-linux-gnu/8.1.0/liblto_plugin.so -plugin-opt=/usr/tce/packages/gcc/gcc-8.1.0/libexec/gcc/x86_64-pc-linux-gnu/8.1.0/lto-wrapper -plugin-opt=-fresolution=/var/tmp/cuneo3/ccEKubzf.res -plugin-opt=-pass-through=-lgcc_s -plugin-opt=-pass-through=-lgcc -plugin-opt=-pass-through=-lc -plugin-opt=-pass-through=-lgcc_s -plugin-opt=-pass-through=-lgcc --sysroot=/ -rpath /usr/tce/packages/gcc/gcc-8.1.0/lib64 --eh-frame-hdr -m elf_x86_64 -export-dynamic -dynamic-linker /lib64/ld-linux-x86-64.so.2 -o cmTC_71c28 /lib/../lib64/crt1.o /lib/../lib64/crti.o /usr/tce/packages/gcc/gcc-8.1.0/lib64/gcc/x86_64-pc-linux-gnu/8.1.0/crtbegin.o -L/usr/tce/packages/gcc/gcc-8.1.0/lib64/gcc/x86_64-pc-linux-gnu/8.1.0 -L/usr/tce/packages/gcc/gcc-8.1.0/lib64/gcc/x86_64-pc-linux-gnu/8.1.0/../../../../lib64 -L/lib/../lib64 -L/usr/lib/../lib64 -L/usr/tce/packages/gcc/gcc-8.1.0/lib64/gcc/x86_64-pc-linux-gnu/8.1.0/../../.. CMakeFiles/cmTC_71c28.dir/CMakeCXXCompilerABI.cpp.o -lstdc++ -lm -lgcc_s -lgcc -lc -lgcc_s -lgcc /usr/tce/packages/gcc/gcc-8.1.0/lib64/gcc/x86_64-pc-linux-gnu/8.1.0/crtend.o /lib/../lib64/crtn.o
COLLECT_GCC_OPTIONS='-v' '-rdynamic' '-o' 'cmTC_71c28' '-shared-libgcc' '-mtune=generic' '-march=x86-64'
gmake[1]: Leaving directory `/g/g20/cuneo3/testraja/RAJA/build_lc_toss3-gcc-8.1.0/CMakeFiles/CMakeTmp'


Parsed CXX implicit include dir info from above output: rv=done
  found start of include info
  found start of implicit include info
    add: [/usr/tce/packages/gcc/gcc-8.1.0/lib64/gcc/x86_64-pc-linux-gnu/8.1.0/../../../../include/c++/8.1.0]
    add: [/usr/tce/packages/gcc/gcc-8.1.0/lib64/gcc/x86_64-pc-linux-gnu/8.1.0/../../../../include/c++/8.1.0/x86_64-pc-linux-gnu]
    add: [/usr/tce/packages/gcc/gcc-8.1.0/lib64/gcc/x86_64-pc-linux-gnu/8.1.0/../../../../include/c++/8.1.0/backward]
    add: [/usr/tce/packages/gcc/gcc-8.1.0/lib64/gcc/x86_64-pc-linux-gnu/8.1.0/include]
    add: [/usr/local/include]
    add: [/usr/tce/packages/gcc/gcc-8.1.0/lib64/gcc/x86_64-pc-linux-gnu/8.1.0/include-fixed]
    add: [/usr/include]
  end of search list found
  collapse include dir [/usr/tce/packages/gcc/gcc-8.1.0/lib64/gcc/x86_64-pc-linux-gnu/8.1.0/../../../../include/c++/8.1.0] ==> [/usr/tce/packages/gcc/gcc-8.1.0/include/c++/8.1.0]
  collapse include dir [/usr/tce/packages/gcc/gcc-8.1.0/lib64/gcc/x86_64-pc-linux-gnu/8.1.0/../../../../include/c++/8.1.0/x86_64-pc-linux-gnu] ==> [/usr/tce/packages/gcc/gcc-8.1.0/include/c++/8.1.0/x86_64-pc-linux-gnu]
  collapse include dir [/usr/tce/packages/gcc/gcc-8.1.0/lib64/gcc/x86_64-pc-linux-gnu/8.1.0/../../../../include/c++/8.1.0/backward] ==> [/usr/tce/packages/gcc/gcc-8.1.0/include/c++/8.1.0/backward]
  collapse include dir [/usr/tce/packages/gcc/gcc-8.1.0/lib64/gcc/x86_64-pc-linux-gnu/8.1.0/include] ==> [/usr/tce/packages/gcc/gcc-8.1.0/lib64/gcc/x86_64-pc-linux-gnu/8.1.0/include]
  collapse include dir [/usr/local/include] ==> [/usr/local/include]
  collapse include dir [/usr/tce/packages/gcc/gcc-8.1.0/lib64/gcc/x86_64-pc-linux-gnu/8.1.0/include-fixed] ==> [/usr/tce/packages/gcc/gcc-8.1.0/lib64/gcc/x86_64-pc-linux-gnu/8.1.0/include-fixed]
  collapse include dir [/usr/include] ==> [/usr/include]
  implicit include dirs: [/usr/tce/packages/gcc/gcc-8.1.0/include/c++/8.1.0;/usr/tce/packages/gcc/gcc-8.1.0/include/c++/8.1.0/x86_64-pc-linux-gnu;/usr/tce/packages/gcc/gcc-8.1.0/include/c++/8.1.0/backward;/usr/tce/packages/gcc/gcc-8.1.0/lib64/gcc/x86_64-pc-linux-gnu/8.1.0/include;/usr/local/include;/usr/tce/packages/gcc/gcc-8.1.0/lib64/gcc/x86_64-pc-linux-gnu/8.1.0/include-fixed;/usr/include]


Parsed CXX implicit link information from above output:
  link line regex: [^( *|.*[/\])(ld|CMAKE_LINK_STARTFILE-NOTFOUND|([^/\]+-)?ld|collect2)[^/\]*( |$)]
  ignore line: [Change Dir: /g/g20/cuneo3/testraja/RAJA/build_lc_toss3-gcc-8.1.0/CMakeFiles/CMakeTmp]
  ignore line: []
  ignore line: [Run Build Command(s):/usr/bin/gmake cmTC_71c28/fast ]
  ignore line: [/usr/bin/gmake -f CMakeFiles/cmTC_71c28.dir/build.make CMakeFiles/cmTC_71c28.dir/build]
  ignore line: [gmake[1]: Entering directory `/g/g20/cuneo3/testraja/RAJA/build_lc_toss3-gcc-8.1.0/CMakeFiles/CMakeTmp']
  ignore line: [Building CXX object CMakeFiles/cmTC_71c28.dir/CMakeCXXCompilerABI.cpp.o]
  ignore line: [/usr/tce/packages/gcc/gcc-8.1.0/bin/g++    -v -o CMakeFiles/cmTC_71c28.dir/CMakeCXXCompilerABI.cpp.o -c /usr/tce/packages/cmake/cmake-3.14.5/share/cmake/Modules/CMakeCXXCompilerABI.cpp]
  ignore line: [Reading specs from /usr/tce/packages/gcc/gcc-8.1.0/lib64/gcc/x86_64-pc-linux-gnu/8.1.0/specs]
  ignore line: [COLLECT_GCC=/usr/tce/packages/gcc/gcc-8.1.0/bin/g++]
  ignore line: [Target: x86_64-pc-linux-gnu]
  ignore line: [Configured with: /builddir/build/BUILD/gccspack/spack/var/spack/stage/gcc-8.1.0-yf4dn5leietjepntgrnkv4syhgmb2nmm/gcc-8.1.0/configure --prefix=/usr/tce/packages/gcc/gcc-8.1.0 --libdir=/usr/tce/packages/gcc/gcc-8.1.0/lib64 --disable-multilib --enable-languages=c,obj-c++,c++,fortran,objc,go,lto --with-mpfr=/ --with-gmp=/usr --enable-lto --with-quad --with-sysroot=/ --with-stage1-ldflags='-Wl,-rpath,/usr/tce/packages/gcc/gcc-8.1.0/lib -Wl,-rpath,/usr/tce/packages/gcc/gcc-8.1.0/lib64 -Wl,-rpath,/lib -Wl,-rpath,/builddir/build/BUILD/gccspack/spack/opt/spack/linux-rhel7-x86_64/gcc-4.8.5/isl-0.18-a6bgwfhlamdrd6tbb7l6oonhnxruvlfh/lib -Wl,-rpath,/usr/lib -Wl,-rpath,/usr/tce/packages/binutils/binutils-2.30/lib -Wl,-rpath,/lib -Wl,-rpath,/lib64 -Wl,-rpath,/usr/lib64 -Wl,-rpath,/usr/tce/packages/binutils/binutils-2.30/lib64 -Wl,-rpath,/lib64 -static-libstdc++ -static-libgcc' --with-boot-ldflags='-Wl,-rpath,/usr/tce/packages/gcc/gcc-8.1.0/lib -Wl,-rpath,/usr/tce/packages/gcc/gcc-8.1.0/lib64 -Wl,-rpath,/lib -Wl,-rpath,/builddir/build/BUILD/gccspack/spack/opt/spack/linux-rhel7-x86_64/gcc-4.8.5/isl-0.18-a6bgwfhlamdrd6tbb7l6oonhnxruvlfh/lib -Wl,-rpath,/usr/lib -Wl,-rpath,/usr/tce/packages/binutils/binutils-2.30/lib -Wl,-rpath,/lib -Wl,-rpath,/lib64 -Wl,-rpath,/usr/lib64 -Wl,-rpath,/usr/tce/packages/binutils/binutils-2.30/lib64 -Wl,-rpath,/lib64 -static-libstdc++ -static-libgcc' --with-gnu-ld --with-gnu-as --with-ld=/usr/tce/packages/gcc/gcc-8.1.0/bin/ld --with-as=/usr/tce/packages/gcc/gcc-8.1.0/bin/as --with-mpc=/ --with-isl=/builddir/build/BUILD/gccspack/spack/opt/spack/linux-rhel7-x86_64/gcc-4.8.5/isl-0.18-a6bgwfhlamdrd6tbb7l6oonhnxruvlfh]
  ignore line: [Thread model: posix]
  ignore line: [gcc version 8.1.0 (GCC) ]
  ignore line: [COLLECT_GCC_OPTIONS='-v' '-o' 'CMakeFiles/cmTC_71c28.dir/CMakeCXXCompilerABI.cpp.o' '-c' '-shared-libgcc' '-mtune=generic' '-march=x86-64']
  ignore line: [ /usr/tce/packages/gcc/gcc-8.1.0/libexec/gcc/x86_64-pc-linux-gnu/8.1.0/cc1plus -quiet -v -D_GNU_SOURCE /usr/tce/packages/cmake/cmake-3.14.5/share/cmake/Modules/CMakeCXXCompilerABI.cpp -quiet -dumpbase CMakeCXXCompilerABI.cpp -mtune=generic -march=x86-64 -auxbase-strip CMakeFiles/cmTC_71c28.dir/CMakeCXXCompilerABI.cpp.o -version -o /var/tmp/cuneo3/ccSAu22a.s]
  ignore line: [GNU C++14 (GCC) version 8.1.0 (x86_64-pc-linux-gnu)]
  ignore line: [	compiled by GNU C version 8.1.0, GMP version 6.0.0, MPFR version 3.1.1, MPC version 1.0.1, isl version isl-0.18-GMP]
  ignore line: []
  ignore line: [GGC heuristics: --param ggc-min-expand=100 --param ggc-min-heapsize=131072]
  ignore line: [ignoring nonexistent directory "/usr/tce/packages/gcc/gcc-8.1.0/lib64/gcc/x86_64-pc-linux-gnu/8.1.0/../../../../x86_64-pc-linux-gnu/include"]
  ignore line: [#include "..." search starts here:]
  ignore line: [#include <...> search starts here:]
  ignore line: [ /usr/tce/packages/gcc/gcc-8.1.0/lib64/gcc/x86_64-pc-linux-gnu/8.1.0/../../../../include/c++/8.1.0]
  ignore line: [ /usr/tce/packages/gcc/gcc-8.1.0/lib64/gcc/x86_64-pc-linux-gnu/8.1.0/../../../../include/c++/8.1.0/x86_64-pc-linux-gnu]
  ignore line: [ /usr/tce/packages/gcc/gcc-8.1.0/lib64/gcc/x86_64-pc-linux-gnu/8.1.0/../../../../include/c++/8.1.0/backward]
  ignore line: [ /usr/tce/packages/gcc/gcc-8.1.0/lib64/gcc/x86_64-pc-linux-gnu/8.1.0/include]
  ignore line: [ /usr/local/include]
  ignore line: [ /usr/tce/packages/gcc/gcc-8.1.0/lib64/gcc/x86_64-pc-linux-gnu/8.1.0/include-fixed]
  ignore line: [ /usr/include]
  ignore line: [End of search list.]
  ignore line: [GNU C++14 (GCC) version 8.1.0 (x86_64-pc-linux-gnu)]
  ignore line: [	compiled by GNU C version 8.1.0, GMP version 6.0.0, MPFR version 3.1.1, MPC version 1.0.1, isl version isl-0.18-GMP]
  ignore line: []
  ignore line: [GGC heuristics: --param ggc-min-expand=100 --param ggc-min-heapsize=131072]
  ignore line: [Compiler executable checksum: fab5a6f98e2662ca42b7024e940b961b]
  ignore line: [COLLECT_GCC_OPTIONS='-v' '-o' 'CMakeFiles/cmTC_71c28.dir/CMakeCXXCompilerABI.cpp.o' '-c' '-shared-libgcc' '-mtune=generic' '-march=x86-64']
  ignore line: [ /usr/tce/packages/gcc/gcc-8.1.0/bin/as -v --64 -o CMakeFiles/cmTC_71c28.dir/CMakeCXXCompilerABI.cpp.o /var/tmp/cuneo3/ccSAu22a.s]
  ignore line: [GNU assembler version 2.30 (x86_64-pc-linux-gnu) using BFD version (GNU Binutils) 2.30]
  ignore line: [COMPILER_PATH=/usr/tce/packages/gcc/gcc-8.1.0/libexec/gcc/x86_64-pc-linux-gnu/8.1.0/:/usr/tce/packages/gcc/gcc-8.1.0/libexec/gcc/x86_64-pc-linux-gnu/8.1.0/:/usr/tce/packages/gcc/gcc-8.1.0/libexec/gcc/x86_64-pc-linux-gnu/:/usr/tce/packages/gcc/gcc-8.1.0/lib64/gcc/x86_64-pc-linux-gnu/8.1.0/:/usr/tce/packages/gcc/gcc-8.1.0/lib64/gcc/x86_64-pc-linux-gnu/]
  ignore line: [LIBRARY_PATH=/usr/tce/packages/gcc/gcc-8.1.0/lib64/gcc/x86_64-pc-linux-gnu/8.1.0/:/usr/tce/packages/gcc/gcc-8.1.0/lib64/gcc/x86_64-pc-linux-gnu/8.1.0/../../../../lib64/:/lib/../lib64/:/usr/lib/../lib64/:/usr/tce/packages/gcc/gcc-8.1.0/lib64/gcc/x86_64-pc-linux-gnu/8.1.0/../../../:/lib/:/usr/lib/]
  ignore line: [COLLECT_GCC_OPTIONS='-v' '-o' 'CMakeFiles/cmTC_71c28.dir/CMakeCXXCompilerABI.cpp.o' '-c' '-shared-libgcc' '-mtune=generic' '-march=x86-64']
  ignore line: [Linking CXX executable cmTC_71c28]
  ignore line: [/usr/tce/packages/cmake/cmake-3.14.5/bin/cmake -E cmake_link_script CMakeFiles/cmTC_71c28.dir/link.txt --verbose=1]
  ignore line: [/usr/tce/packages/gcc/gcc-8.1.0/bin/g++      -v -rdynamic CMakeFiles/cmTC_71c28.dir/CMakeCXXCompilerABI.cpp.o  -o cmTC_71c28 ]
  ignore line: [Reading specs from /usr/tce/packages/gcc/gcc-8.1.0/lib64/gcc/x86_64-pc-linux-gnu/8.1.0/specs]
  ignore line: [COLLECT_GCC=/usr/tce/packages/gcc/gcc-8.1.0/bin/g++]
  ignore line: [COLLECT_LTO_WRAPPER=/usr/tce/packages/gcc/gcc-8.1.0/libexec/gcc/x86_64-pc-linux-gnu/8.1.0/lto-wrapper]
  ignore line: [Target: x86_64-pc-linux-gnu]
  ignore line: [Configured with: /builddir/build/BUILD/gccspack/spack/var/spack/stage/gcc-8.1.0-yf4dn5leietjepntgrnkv4syhgmb2nmm/gcc-8.1.0/configure --prefix=/usr/tce/packages/gcc/gcc-8.1.0 --libdir=/usr/tce/packages/gcc/gcc-8.1.0/lib64 --disable-multilib --enable-languages=c,obj-c++,c++,fortran,objc,go,lto --with-mpfr=/ --with-gmp=/usr --enable-lto --with-quad --with-sysroot=/ --with-stage1-ldflags='-Wl,-rpath,/usr/tce/packages/gcc/gcc-8.1.0/lib -Wl,-rpath,/usr/tce/packages/gcc/gcc-8.1.0/lib64 -Wl,-rpath,/lib -Wl,-rpath,/builddir/build/BUILD/gccspack/spack/opt/spack/linux-rhel7-x86_64/gcc-4.8.5/isl-0.18-a6bgwfhlamdrd6tbb7l6oonhnxruvlfh/lib -Wl,-rpath,/usr/lib -Wl,-rpath,/usr/tce/packages/binutils/binutils-2.30/lib -Wl,-rpath,/lib -Wl,-rpath,/lib64 -Wl,-rpath,/usr/lib64 -Wl,-rpath,/usr/tce/packages/binutils/binutils-2.30/lib64 -Wl,-rpath,/lib64 -static-libstdc++ -static-libgcc' --with-boot-ldflags='-Wl,-rpath,/usr/tce/packages/gcc/gcc-8.1.0/lib -Wl,-rpath,/usr/tce/packages/gcc/gcc-8.1.0/lib64 -Wl,-rpath,/lib -Wl,-rpath,/builddir/build/BUILD/gccspack/spack/opt/spack/linux-rhel7-x86_64/gcc-4.8.5/isl-0.18-a6bgwfhlamdrd6tbb7l6oonhnxruvlfh/lib -Wl,-rpath,/usr/lib -Wl,-rpath,/usr/tce/packages/binutils/binutils-2.30/lib -Wl,-rpath,/lib -Wl,-rpath,/lib64 -Wl,-rpath,/usr/lib64 -Wl,-rpath,/usr/tce/packages/binutils/binutils-2.30/lib64 -Wl,-rpath,/lib64 -static-libstdc++ -static-libgcc' --with-gnu-ld --with-gnu-as --with-ld=/usr/tce/packages/gcc/gcc-8.1.0/bin/ld --with-as=/usr/tce/packages/gcc/gcc-8.1.0/bin/as --with-mpc=/ --with-isl=/builddir/build/BUILD/gccspack/spack/opt/spack/linux-rhel7-x86_64/gcc-4.8.5/isl-0.18-a6bgwfhlamdrd6tbb7l6oonhnxruvlfh]
  ignore line: [Thread model: posix]
  ignore line: [gcc version 8.1.0 (GCC) ]
  ignore line: [COMPILER_PATH=/usr/tce/packages/gcc/gcc-8.1.0/libexec/gcc/x86_64-pc-linux-gnu/8.1.0/:/usr/tce/packages/gcc/gcc-8.1.0/libexec/gcc/x86_64-pc-linux-gnu/8.1.0/:/usr/tce/packages/gcc/gcc-8.1.0/libexec/gcc/x86_64-pc-linux-gnu/:/usr/tce/packages/gcc/gcc-8.1.0/lib64/gcc/x86_64-pc-linux-gnu/8.1.0/:/usr/tce/packages/gcc/gcc-8.1.0/lib64/gcc/x86_64-pc-linux-gnu/]
  ignore line: [LIBRARY_PATH=/usr/tce/packages/gcc/gcc-8.1.0/lib64/gcc/x86_64-pc-linux-gnu/8.1.0/:/usr/tce/packages/gcc/gcc-8.1.0/lib64/gcc/x86_64-pc-linux-gnu/8.1.0/../../../../lib64/:/lib/../lib64/:/usr/lib/../lib64/:/usr/tce/packages/gcc/gcc-8.1.0/lib64/gcc/x86_64-pc-linux-gnu/8.1.0/../../../:/lib/:/usr/lib/]
  ignore line: [COLLECT_GCC_OPTIONS='-v' '-rdynamic' '-o' 'cmTC_71c28' '-shared-libgcc' '-mtune=generic' '-march=x86-64']
  link line: [ /usr/tce/packages/gcc/gcc-8.1.0/libexec/gcc/x86_64-pc-linux-gnu/8.1.0/collect2 -plugin /usr/tce/packages/gcc/gcc-8.1.0/libexec/gcc/x86_64-pc-linux-gnu/8.1.0/liblto_plugin.so -plugin-opt=/usr/tce/packages/gcc/gcc-8.1.0/libexec/gcc/x86_64-pc-linux-gnu/8.1.0/lto-wrapper -plugin-opt=-fresolution=/var/tmp/cuneo3/ccEKubzf.res -plugin-opt=-pass-through=-lgcc_s -plugin-opt=-pass-through=-lgcc -plugin-opt=-pass-through=-lc -plugin-opt=-pass-through=-lgcc_s -plugin-opt=-pass-through=-lgcc --sysroot=/ -rpath /usr/tce/packages/gcc/gcc-8.1.0/lib64 --eh-frame-hdr -m elf_x86_64 -export-dynamic -dynamic-linker /lib64/ld-linux-x86-64.so.2 -o cmTC_71c28 /lib/../lib64/crt1.o /lib/../lib64/crti.o /usr/tce/packages/gcc/gcc-8.1.0/lib64/gcc/x86_64-pc-linux-gnu/8.1.0/crtbegin.o -L/usr/tce/packages/gcc/gcc-8.1.0/lib64/gcc/x86_64-pc-linux-gnu/8.1.0 -L/usr/tce/packages/gcc/gcc-8.1.0/lib64/gcc/x86_64-pc-linux-gnu/8.1.0/../../../../lib64 -L/lib/../lib64 -L/usr/lib/../lib64 -L/usr/tce/packages/gcc/gcc-8.1.0/lib64/gcc/x86_64-pc-linux-gnu/8.1.0/../../.. CMakeFiles/cmTC_71c28.dir/CMakeCXXCompilerABI.cpp.o -lstdc++ -lm -lgcc_s -lgcc -lc -lgcc_s -lgcc /usr/tce/packages/gcc/gcc-8.1.0/lib64/gcc/x86_64-pc-linux-gnu/8.1.0/crtend.o /lib/../lib64/crtn.o]
    arg [/usr/tce/packages/gcc/gcc-8.1.0/libexec/gcc/x86_64-pc-linux-gnu/8.1.0/collect2] ==> ignore
    arg [-plugin] ==> ignore
    arg [/usr/tce/packages/gcc/gcc-8.1.0/libexec/gcc/x86_64-pc-linux-gnu/8.1.0/liblto_plugin.so] ==> ignore
    arg [-plugin-opt=/usr/tce/packages/gcc/gcc-8.1.0/libexec/gcc/x86_64-pc-linux-gnu/8.1.0/lto-wrapper] ==> ignore
    arg [-plugin-opt=-fresolution=/var/tmp/cuneo3/ccEKubzf.res] ==> ignore
    arg [-plugin-opt=-pass-through=-lgcc_s] ==> ignore
    arg [-plugin-opt=-pass-through=-lgcc] ==> ignore
    arg [-plugin-opt=-pass-through=-lc] ==> ignore
    arg [-plugin-opt=-pass-through=-lgcc_s] ==> ignore
    arg [-plugin-opt=-pass-through=-lgcc] ==> ignore
    arg [--sysroot=/] ==> ignore
    arg [-rpath] ==> ignore
    arg [/usr/tce/packages/gcc/gcc-8.1.0/lib64] ==> ignore
    arg [--eh-frame-hdr] ==> ignore
    arg [-m] ==> ignore
    arg [elf_x86_64] ==> ignore
    arg [-export-dynamic] ==> ignore
    arg [-dynamic-linker] ==> ignore
    arg [/lib64/ld-linux-x86-64.so.2] ==> ignore
    arg [-o] ==> ignore
    arg [cmTC_71c28] ==> ignore
    arg [/lib/../lib64/crt1.o] ==> ignore
    arg [/lib/../lib64/crti.o] ==> ignore
    arg [/usr/tce/packages/gcc/gcc-8.1.0/lib64/gcc/x86_64-pc-linux-gnu/8.1.0/crtbegin.o] ==> ignore
    arg [-L/usr/tce/packages/gcc/gcc-8.1.0/lib64/gcc/x86_64-pc-linux-gnu/8.1.0] ==> dir [/usr/tce/packages/gcc/gcc-8.1.0/lib64/gcc/x86_64-pc-linux-gnu/8.1.0]
    arg [-L/usr/tce/packages/gcc/gcc-8.1.0/lib64/gcc/x86_64-pc-linux-gnu/8.1.0/../../../../lib64] ==> dir [/usr/tce/packages/gcc/gcc-8.1.0/lib64/gcc/x86_64-pc-linux-gnu/8.1.0/../../../../lib64]
    arg [-L/lib/../lib64] ==> dir [/lib/../lib64]
    arg [-L/usr/lib/../lib64] ==> dir [/usr/lib/../lib64]
    arg [-L/usr/tce/packages/gcc/gcc-8.1.0/lib64/gcc/x86_64-pc-linux-gnu/8.1.0/../../..] ==> dir [/usr/tce/packages/gcc/gcc-8.1.0/lib64/gcc/x86_64-pc-linux-gnu/8.1.0/../../..]
    arg [CMakeFiles/cmTC_71c28.dir/CMakeCXXCompilerABI.cpp.o] ==> ignore
    arg [-lstdc++] ==> lib [stdc++]
    arg [-lm] ==> lib [m]
    arg [-lgcc_s] ==> lib [gcc_s]
    arg [-lgcc] ==> lib [gcc]
    arg [-lc] ==> lib [c]
    arg [-lgcc_s] ==> lib [gcc_s]
    arg [-lgcc] ==> lib [gcc]
    arg [/usr/tce/packages/gcc/gcc-8.1.0/lib64/gcc/x86_64-pc-linux-gnu/8.1.0/crtend.o] ==> ignore
    arg [/lib/../lib64/crtn.o] ==> ignore
  collapse library dir [/usr/tce/packages/gcc/gcc-8.1.0/lib64/gcc/x86_64-pc-linux-gnu/8.1.0] ==> [/usr/tce/packages/gcc/gcc-8.1.0/lib64/gcc/x86_64-pc-linux-gnu/8.1.0]
  collapse library dir [/usr/tce/packages/gcc/gcc-8.1.0/lib64/gcc/x86_64-pc-linux-gnu/8.1.0/../../../../lib64] ==> [/usr/tce/packages/gcc/gcc-8.1.0/lib64]
  collapse library dir [/lib/../lib64] ==> [/lib64]
  collapse library dir [/usr/lib/../lib64] ==> [/usr/lib64]
  collapse library dir [/usr/tce/packages/gcc/gcc-8.1.0/lib64/gcc/x86_64-pc-linux-gnu/8.1.0/../../..] ==> [/usr/tce/packages/gcc/gcc-8.1.0/lib64]
  implicit libs: [stdc++;m;gcc_s;gcc;c;gcc_s;gcc]
  implicit dirs: [/usr/tce/packages/gcc/gcc-8.1.0/lib64/gcc/x86_64-pc-linux-gnu/8.1.0;/usr/tce/packages/gcc/gcc-8.1.0/lib64;/lib64;/usr/lib64]
  implicit fwks: []




Detecting CXX [-std=c++2a] compiler features compiled with the following output:
Change Dir: /g/g20/cuneo3/testraja/RAJA/build_lc_toss3-gcc-8.1.0/CMakeFiles/CMakeTmp

Run Build Command(s):/usr/bin/gmake cmTC_a924b/fast 
/usr/bin/gmake -f CMakeFiles/cmTC_a924b.dir/build.make CMakeFiles/cmTC_a924b.dir/build
gmake[1]: Entering directory `/g/g20/cuneo3/testraja/RAJA/build_lc_toss3-gcc-8.1.0/CMakeFiles/CMakeTmp'
Building CXX object CMakeFiles/cmTC_a924b.dir/feature_tests.cxx.o
/usr/tce/packages/gcc/gcc-8.1.0/bin/g++    -std=c++2a -o CMakeFiles/cmTC_a924b.dir/feature_tests.cxx.o -c /g/g20/cuneo3/testraja/RAJA/build_lc_toss3-gcc-8.1.0/CMakeFiles/feature_tests.cxx
Linking CXX executable cmTC_a924b
/usr/tce/packages/cmake/cmake-3.14.5/bin/cmake -E cmake_link_script CMakeFiles/cmTC_a924b.dir/link.txt --verbose=1
/usr/tce/packages/gcc/gcc-8.1.0/bin/g++       -rdynamic CMakeFiles/cmTC_a924b.dir/feature_tests.cxx.o  -o cmTC_a924b 
gmake[1]: Leaving directory `/g/g20/cuneo3/testraja/RAJA/build_lc_toss3-gcc-8.1.0/CMakeFiles/CMakeTmp'


    Feature record: CXX_FEATURE:1cxx_aggregate_default_initializers
    Feature record: CXX_FEATURE:1cxx_alias_templates
    Feature record: CXX_FEATURE:1cxx_alignas
    Feature record: CXX_FEATURE:1cxx_alignof
    Feature record: CXX_FEATURE:1cxx_attributes
    Feature record: CXX_FEATURE:1cxx_attribute_deprecated
    Feature record: CXX_FEATURE:1cxx_auto_type
    Feature record: CXX_FEATURE:1cxx_binary_literals
    Feature record: CXX_FEATURE:1cxx_constexpr
    Feature record: CXX_FEATURE:1cxx_contextual_conversions
    Feature record: CXX_FEATURE:1cxx_decltype
    Feature record: CXX_FEATURE:1cxx_decltype_auto
    Feature record: CXX_FEATURE:1cxx_decltype_incomplete_return_types
    Feature record: CXX_FEATURE:1cxx_default_function_template_args
    Feature record: CXX_FEATURE:1cxx_defaulted_functions
    Feature record: CXX_FEATURE:1cxx_defaulted_move_initializers
    Feature record: CXX_FEATURE:1cxx_delegating_constructors
    Feature record: CXX_FEATURE:1cxx_deleted_functions
    Feature record: CXX_FEATURE:1cxx_digit_separators
    Feature record: CXX_FEATURE:1cxx_enum_forward_declarations
    Feature record: CXX_FEATURE:1cxx_explicit_conversions
    Feature record: CXX_FEATURE:1cxx_extended_friend_declarations
    Feature record: CXX_FEATURE:1cxx_extern_templates
    Feature record: CXX_FEATURE:1cxx_final
    Feature record: CXX_FEATURE:1cxx_func_identifier
    Feature record: CXX_FEATURE:1cxx_generalized_initializers
    Feature record: CXX_FEATURE:1cxx_generic_lambdas
    Feature record: CXX_FEATURE:1cxx_inheriting_constructors
    Feature record: CXX_FEATURE:1cxx_inline_namespaces
    Feature record: CXX_FEATURE:1cxx_lambdas
    Feature record: CXX_FEATURE:1cxx_lambda_init_captures
    Feature record: CXX_FEATURE:1cxx_local_type_template_args
    Feature record: CXX_FEATURE:1cxx_long_long_type
    Feature record: CXX_FEATURE:1cxx_noexcept
    Feature record: CXX_FEATURE:1cxx_nonstatic_member_init
    Feature record: CXX_FEATURE:1cxx_nullptr
    Feature record: CXX_FEATURE:1cxx_override
    Feature record: CXX_FEATURE:1cxx_range_for
    Feature record: CXX_FEATURE:1cxx_raw_string_literals
    Feature record: CXX_FEATURE:1cxx_reference_qualified_functions
    Feature record: CXX_FEATURE:1cxx_relaxed_constexpr
    Feature record: CXX_FEATURE:1cxx_return_type_deduction
    Feature record: CXX_FEATURE:1cxx_right_angle_brackets
    Feature record: CXX_FEATURE:1cxx_rvalue_references
    Feature record: CXX_FEATURE:1cxx_sizeof_member
    Feature record: CXX_FEATURE:1cxx_static_assert
    Feature record: CXX_FEATURE:1cxx_strong_enums
    Feature record: CXX_FEATURE:1cxx_template_template_parameters
    Feature record: CXX_FEATURE:1cxx_thread_local
    Feature record: CXX_FEATURE:1cxx_trailing_return_types
    Feature record: CXX_FEATURE:1cxx_unicode_literals
    Feature record: CXX_FEATURE:1cxx_uniform_initialization
    Feature record: CXX_FEATURE:1cxx_unrestricted_unions
    Feature record: CXX_FEATURE:1cxx_user_literals
    Feature record: CXX_FEATURE:1cxx_variable_templates
    Feature record: CXX_FEATURE:1cxx_variadic_macros
    Feature record: CXX_FEATURE:1cxx_variadic_templates


Detecting CXX [-std=c++17] compiler features compiled with the following output:
Change Dir: /g/g20/cuneo3/testraja/RAJA/build_lc_toss3-gcc-8.1.0/CMakeFiles/CMakeTmp

Run Build Command(s):/usr/bin/gmake cmTC_427d2/fast 
/usr/bin/gmake -f CMakeFiles/cmTC_427d2.dir/build.make CMakeFiles/cmTC_427d2.dir/build
gmake[1]: Entering directory `/g/g20/cuneo3/testraja/RAJA/build_lc_toss3-gcc-8.1.0/CMakeFiles/CMakeTmp'
Building CXX object CMakeFiles/cmTC_427d2.dir/feature_tests.cxx.o
/usr/tce/packages/gcc/gcc-8.1.0/bin/g++    -std=c++17 -o CMakeFiles/cmTC_427d2.dir/feature_tests.cxx.o -c /g/g20/cuneo3/testraja/RAJA/build_lc_toss3-gcc-8.1.0/CMakeFiles/feature_tests.cxx
Linking CXX executable cmTC_427d2
/usr/tce/packages/cmake/cmake-3.14.5/bin/cmake -E cmake_link_script CMakeFiles/cmTC_427d2.dir/link.txt --verbose=1
/usr/tce/packages/gcc/gcc-8.1.0/bin/g++       -rdynamic CMakeFiles/cmTC_427d2.dir/feature_tests.cxx.o  -o cmTC_427d2 
gmake[1]: Leaving directory `/g/g20/cuneo3/testraja/RAJA/build_lc_toss3-gcc-8.1.0/CMakeFiles/CMakeTmp'


    Feature record: CXX_FEATURE:1cxx_aggregate_default_initializers
    Feature record: CXX_FEATURE:1cxx_alias_templates
    Feature record: CXX_FEATURE:1cxx_alignas
    Feature record: CXX_FEATURE:1cxx_alignof
    Feature record: CXX_FEATURE:1cxx_attributes
    Feature record: CXX_FEATURE:1cxx_attribute_deprecated
    Feature record: CXX_FEATURE:1cxx_auto_type
    Feature record: CXX_FEATURE:1cxx_binary_literals
    Feature record: CXX_FEATURE:1cxx_constexpr
    Feature record: CXX_FEATURE:1cxx_contextual_conversions
    Feature record: CXX_FEATURE:1cxx_decltype
    Feature record: CXX_FEATURE:1cxx_decltype_auto
    Feature record: CXX_FEATURE:1cxx_decltype_incomplete_return_types
    Feature record: CXX_FEATURE:1cxx_default_function_template_args
    Feature record: CXX_FEATURE:1cxx_defaulted_functions
    Feature record: CXX_FEATURE:1cxx_defaulted_move_initializers
    Feature record: CXX_FEATURE:1cxx_delegating_constructors
    Feature record: CXX_FEATURE:1cxx_deleted_functions
    Feature record: CXX_FEATURE:1cxx_digit_separators
    Feature record: CXX_FEATURE:1cxx_enum_forward_declarations
    Feature record: CXX_FEATURE:1cxx_explicit_conversions
    Feature record: CXX_FEATURE:1cxx_extended_friend_declarations
    Feature record: CXX_FEATURE:1cxx_extern_templates
    Feature record: CXX_FEATURE:1cxx_final
    Feature record: CXX_FEATURE:1cxx_func_identifier
    Feature record: CXX_FEATURE:1cxx_generalized_initializers
    Feature record: CXX_FEATURE:1cxx_generic_lambdas
    Feature record: CXX_FEATURE:1cxx_inheriting_constructors
    Feature record: CXX_FEATURE:1cxx_inline_namespaces
    Feature record: CXX_FEATURE:1cxx_lambdas
    Feature record: CXX_FEATURE:1cxx_lambda_init_captures
    Feature record: CXX_FEATURE:1cxx_local_type_template_args
    Feature record: CXX_FEATURE:1cxx_long_long_type
    Feature record: CXX_FEATURE:1cxx_noexcept
    Feature record: CXX_FEATURE:1cxx_nonstatic_member_init
    Feature record: CXX_FEATURE:1cxx_nullptr
    Feature record: CXX_FEATURE:1cxx_override
    Feature record: CXX_FEATURE:1cxx_range_for
    Feature record: CXX_FEATURE:1cxx_raw_string_literals
    Feature record: CXX_FEATURE:1cxx_reference_qualified_functions
    Feature record: CXX_FEATURE:1cxx_relaxed_constexpr
    Feature record: CXX_FEATURE:1cxx_return_type_deduction
    Feature record: CXX_FEATURE:1cxx_right_angle_brackets
    Feature record: CXX_FEATURE:1cxx_rvalue_references
    Feature record: CXX_FEATURE:1cxx_sizeof_member
    Feature record: CXX_FEATURE:1cxx_static_assert
    Feature record: CXX_FEATURE:1cxx_strong_enums
    Feature record: CXX_FEATURE:1cxx_template_template_parameters
    Feature record: CXX_FEATURE:1cxx_thread_local
    Feature record: CXX_FEATURE:1cxx_trailing_return_types
    Feature record: CXX_FEATURE:1cxx_unicode_literals
    Feature record: CXX_FEATURE:1cxx_uniform_initialization
    Feature record: CXX_FEATURE:1cxx_unrestricted_unions
    Feature record: CXX_FEATURE:1cxx_user_literals
    Feature record: CXX_FEATURE:1cxx_variable_templates
    Feature record: CXX_FEATURE:1cxx_variadic_macros
    Feature record: CXX_FEATURE:1cxx_variadic_templates


Detecting CXX [-std=c++14] compiler features compiled with the following output:
Change Dir: /g/g20/cuneo3/testraja/RAJA/build_lc_toss3-gcc-8.1.0/CMakeFiles/CMakeTmp

Run Build Command(s):/usr/bin/gmake cmTC_ad8cd/fast 
/usr/bin/gmake -f CMakeFiles/cmTC_ad8cd.dir/build.make CMakeFiles/cmTC_ad8cd.dir/build
gmake[1]: Entering directory `/g/g20/cuneo3/testraja/RAJA/build_lc_toss3-gcc-8.1.0/CMakeFiles/CMakeTmp'
Building CXX object CMakeFiles/cmTC_ad8cd.dir/feature_tests.cxx.o
/usr/tce/packages/gcc/gcc-8.1.0/bin/g++    -std=c++14 -o CMakeFiles/cmTC_ad8cd.dir/feature_tests.cxx.o -c /g/g20/cuneo3/testraja/RAJA/build_lc_toss3-gcc-8.1.0/CMakeFiles/feature_tests.cxx
Linking CXX executable cmTC_ad8cd
/usr/tce/packages/cmake/cmake-3.14.5/bin/cmake -E cmake_link_script CMakeFiles/cmTC_ad8cd.dir/link.txt --verbose=1
/usr/tce/packages/gcc/gcc-8.1.0/bin/g++       -rdynamic CMakeFiles/cmTC_ad8cd.dir/feature_tests.cxx.o  -o cmTC_ad8cd 
gmake[1]: Leaving directory `/g/g20/cuneo3/testraja/RAJA/build_lc_toss3-gcc-8.1.0/CMakeFiles/CMakeTmp'


    Feature record: CXX_FEATURE:1cxx_aggregate_default_initializers
    Feature record: CXX_FEATURE:1cxx_alias_templates
    Feature record: CXX_FEATURE:1cxx_alignas
    Feature record: CXX_FEATURE:1cxx_alignof
    Feature record: CXX_FEATURE:1cxx_attributes
    Feature record: CXX_FEATURE:1cxx_attribute_deprecated
    Feature record: CXX_FEATURE:1cxx_auto_type
    Feature record: CXX_FEATURE:1cxx_binary_literals
    Feature record: CXX_FEATURE:1cxx_constexpr
    Feature record: CXX_FEATURE:1cxx_contextual_conversions
    Feature record: CXX_FEATURE:1cxx_decltype
    Feature record: CXX_FEATURE:1cxx_decltype_auto
    Feature record: CXX_FEATURE:1cxx_decltype_incomplete_return_types
    Feature record: CXX_FEATURE:1cxx_default_function_template_args
    Feature record: CXX_FEATURE:1cxx_defaulted_functions
    Feature record: CXX_FEATURE:1cxx_defaulted_move_initializers
    Feature record: CXX_FEATURE:1cxx_delegating_constructors
    Feature record: CXX_FEATURE:1cxx_deleted_functions
    Feature record: CXX_FEATURE:1cxx_digit_separators
    Feature record: CXX_FEATURE:1cxx_enum_forward_declarations
    Feature record: CXX_FEATURE:1cxx_explicit_conversions
    Feature record: CXX_FEATURE:1cxx_extended_friend_declarations
    Feature record: CXX_FEATURE:1cxx_extern_templates
    Feature record: CXX_FEATURE:1cxx_final
    Feature record: CXX_FEATURE:1cxx_func_identifier
    Feature record: CXX_FEATURE:1cxx_generalized_initializers
    Feature record: CXX_FEATURE:1cxx_generic_lambdas
    Feature record: CXX_FEATURE:1cxx_inheriting_constructors
    Feature record: CXX_FEATURE:1cxx_inline_namespaces
    Feature record: CXX_FEATURE:1cxx_lambdas
    Feature record: CXX_FEATURE:1cxx_lambda_init_captures
    Feature record: CXX_FEATURE:1cxx_local_type_template_args
    Feature record: CXX_FEATURE:1cxx_long_long_type
    Feature record: CXX_FEATURE:1cxx_noexcept
    Feature record: CXX_FEATURE:1cxx_nonstatic_member_init
    Feature record: CXX_FEATURE:1cxx_nullptr
    Feature record: CXX_FEATURE:1cxx_override
    Feature record: CXX_FEATURE:1cxx_range_for
    Feature record: CXX_FEATURE:1cxx_raw_string_literals
    Feature record: CXX_FEATURE:1cxx_reference_qualified_functions
    Feature record: CXX_FEATURE:1cxx_relaxed_constexpr
    Feature record: CXX_FEATURE:1cxx_return_type_deduction
    Feature record: CXX_FEATURE:1cxx_right_angle_brackets
    Feature record: CXX_FEATURE:1cxx_rvalue_references
    Feature record: CXX_FEATURE:1cxx_sizeof_member
    Feature record: CXX_FEATURE:1cxx_static_assert
    Feature record: CXX_FEATURE:1cxx_strong_enums
    Feature record: CXX_FEATURE:1cxx_template_template_parameters
    Feature record: CXX_FEATURE:1cxx_thread_local
    Feature record: CXX_FEATURE:1cxx_trailing_return_types
    Feature record: CXX_FEATURE:1cxx_unicode_literals
    Feature record: CXX_FEATURE:1cxx_uniform_initialization
    Feature record: CXX_FEATURE:1cxx_unrestricted_unions
    Feature record: CXX_FEATURE:1cxx_user_literals
    Feature record: CXX_FEATURE:1cxx_variable_templates
    Feature record: CXX_FEATURE:1cxx_variadic_macros
    Feature record: CXX_FEATURE:1cxx_variadic_templates


Detecting CXX [-std=c++11] compiler features compiled with the following output:
Change Dir: /g/g20/cuneo3/testraja/RAJA/build_lc_toss3-gcc-8.1.0/CMakeFiles/CMakeTmp

Run Build Command(s):/usr/bin/gmake cmTC_8e823/fast 
/usr/bin/gmake -f CMakeFiles/cmTC_8e823.dir/build.make CMakeFiles/cmTC_8e823.dir/build
gmake[1]: Entering directory `/g/g20/cuneo3/testraja/RAJA/build_lc_toss3-gcc-8.1.0/CMakeFiles/CMakeTmp'
Building CXX object CMakeFiles/cmTC_8e823.dir/feature_tests.cxx.o
/usr/tce/packages/gcc/gcc-8.1.0/bin/g++    -std=c++11 -o CMakeFiles/cmTC_8e823.dir/feature_tests.cxx.o -c /g/g20/cuneo3/testraja/RAJA/build_lc_toss3-gcc-8.1.0/CMakeFiles/feature_tests.cxx
Linking CXX executable cmTC_8e823
/usr/tce/packages/cmake/cmake-3.14.5/bin/cmake -E cmake_link_script CMakeFiles/cmTC_8e823.dir/link.txt --verbose=1
/usr/tce/packages/gcc/gcc-8.1.0/bin/g++       -rdynamic CMakeFiles/cmTC_8e823.dir/feature_tests.cxx.o  -o cmTC_8e823 
gmake[1]: Leaving directory `/g/g20/cuneo3/testraja/RAJA/build_lc_toss3-gcc-8.1.0/CMakeFiles/CMakeTmp'


    Feature record: CXX_FEATURE:0cxx_aggregate_default_initializers
    Feature record: CXX_FEATURE:1cxx_alias_templates
    Feature record: CXX_FEATURE:1cxx_alignas
    Feature record: CXX_FEATURE:1cxx_alignof
    Feature record: CXX_FEATURE:1cxx_attributes
    Feature record: CXX_FEATURE:0cxx_attribute_deprecated
    Feature record: CXX_FEATURE:1cxx_auto_type
    Feature record: CXX_FEATURE:0cxx_binary_literals
    Feature record: CXX_FEATURE:1cxx_constexpr
    Feature record: CXX_FEATURE:0cxx_contextual_conversions
    Feature record: CXX_FEATURE:1cxx_decltype
    Feature record: CXX_FEATURE:0cxx_decltype_auto
    Feature record: CXX_FEATURE:1cxx_decltype_incomplete_return_types
    Feature record: CXX_FEATURE:1cxx_default_function_template_args
    Feature record: CXX_FEATURE:1cxx_defaulted_functions
    Feature record: CXX_FEATURE:1cxx_defaulted_move_initializers
    Feature record: CXX_FEATURE:1cxx_delegating_constructors
    Feature record: CXX_FEATURE:1cxx_deleted_functions
    Feature record: CXX_FEATURE:0cxx_digit_separators
    Feature record: CXX_FEATURE:1cxx_enum_forward_declarations
    Feature record: CXX_FEATURE:1cxx_explicit_conversions
    Feature record: CXX_FEATURE:1cxx_extended_friend_declarations
    Feature record: CXX_FEATURE:1cxx_extern_templates
    Feature record: CXX_FEATURE:1cxx_final
    Feature record: CXX_FEATURE:1cxx_func_identifier
    Feature record: CXX_FEATURE:1cxx_generalized_initializers
    Feature record: CXX_FEATURE:0cxx_generic_lambdas
    Feature record: CXX_FEATURE:1cxx_inheriting_constructors
    Feature record: CXX_FEATURE:1cxx_inline_namespaces
    Feature record: CXX_FEATURE:1cxx_lambdas
    Feature record: CXX_FEATURE:0cxx_lambda_init_captures
    Feature record: CXX_FEATURE:1cxx_local_type_template_args
    Feature record: CXX_FEATURE:1cxx_long_long_type
    Feature record: CXX_FEATURE:1cxx_noexcept
    Feature record: CXX_FEATURE:1cxx_nonstatic_member_init
    Feature record: CXX_FEATURE:1cxx_nullptr
    Feature record: CXX_FEATURE:1cxx_override
    Feature record: CXX_FEATURE:1cxx_range_for
    Feature record: CXX_FEATURE:1cxx_raw_string_literals
    Feature record: CXX_FEATURE:1cxx_reference_qualified_functions
    Feature record: CXX_FEATURE:0cxx_relaxed_constexpr
    Feature record: CXX_FEATURE:0cxx_return_type_deduction
    Feature record: CXX_FEATURE:1cxx_right_angle_brackets
    Feature record: CXX_FEATURE:1cxx_rvalue_references
    Feature record: CXX_FEATURE:1cxx_sizeof_member
    Feature record: CXX_FEATURE:1cxx_static_assert
    Feature record: CXX_FEATURE:1cxx_strong_enums
    Feature record: CXX_FEATURE:1cxx_template_template_parameters
    Feature record: CXX_FEATURE:1cxx_thread_local
    Feature record: CXX_FEATURE:1cxx_trailing_return_types
    Feature record: CXX_FEATURE:1cxx_unicode_literals
    Feature record: CXX_FEATURE:1cxx_uniform_initialization
    Feature record: CXX_FEATURE:1cxx_unrestricted_unions
    Feature record: CXX_FEATURE:1cxx_user_literals
    Feature record: CXX_FEATURE:0cxx_variable_templates
    Feature record: CXX_FEATURE:1cxx_variadic_macros
    Feature record: CXX_FEATURE:1cxx_variadic_templates


Detecting CXX [-std=c++98] compiler features compiled with the following output:
Change Dir: /g/g20/cuneo3/testraja/RAJA/build_lc_toss3-gcc-8.1.0/CMakeFiles/CMakeTmp

Run Build Command(s):/usr/bin/gmake cmTC_106bf/fast 
/usr/bin/gmake -f CMakeFiles/cmTC_106bf.dir/build.make CMakeFiles/cmTC_106bf.dir/build
gmake[1]: Entering directory `/g/g20/cuneo3/testraja/RAJA/build_lc_toss3-gcc-8.1.0/CMakeFiles/CMakeTmp'
Building CXX object CMakeFiles/cmTC_106bf.dir/feature_tests.cxx.o
/usr/tce/packages/gcc/gcc-8.1.0/bin/g++    -std=c++98 -o CMakeFiles/cmTC_106bf.dir/feature_tests.cxx.o -c /g/g20/cuneo3/testraja/RAJA/build_lc_toss3-gcc-8.1.0/CMakeFiles/feature_tests.cxx
Linking CXX executable cmTC_106bf
/usr/tce/packages/cmake/cmake-3.14.5/bin/cmake -E cmake_link_script CMakeFiles/cmTC_106bf.dir/link.txt --verbose=1
/usr/tce/packages/gcc/gcc-8.1.0/bin/g++       -rdynamic CMakeFiles/cmTC_106bf.dir/feature_tests.cxx.o  -o cmTC_106bf 
gmake[1]: Leaving directory `/g/g20/cuneo3/testraja/RAJA/build_lc_toss3-gcc-8.1.0/CMakeFiles/CMakeTmp'


    Feature record: CXX_FEATURE:0cxx_aggregate_default_initializers
    Feature record: CXX_FEATURE:0cxx_alias_templates
    Feature record: CXX_FEATURE:0cxx_alignas
    Feature record: CXX_FEATURE:0cxx_alignof
    Feature record: CXX_FEATURE:0cxx_attributes
    Feature record: CXX_FEATURE:0cxx_attribute_deprecated
    Feature record: CXX_FEATURE:0cxx_auto_type
    Feature record: CXX_FEATURE:0cxx_binary_literals
    Feature record: CXX_FEATURE:0cxx_constexpr
    Feature record: CXX_FEATURE:0cxx_contextual_conversions
    Feature record: CXX_FEATURE:0cxx_decltype
    Feature record: CXX_FEATURE:0cxx_decltype_auto
    Feature record: CXX_FEATURE:0cxx_decltype_incomplete_return_types
    Feature record: CXX_FEATURE:0cxx_default_function_template_args
    Feature record: CXX_FEATURE:0cxx_defaulted_functions
    Feature record: CXX_FEATURE:0cxx_defaulted_move_initializers
    Feature record: CXX_FEATURE:0cxx_delegating_constructors
    Feature record: CXX_FEATURE:0cxx_deleted_functions
    Feature record: CXX_FEATURE:0cxx_digit_separators
    Feature record: CXX_FEATURE:0cxx_enum_forward_declarations
    Feature record: CXX_FEATURE:0cxx_explicit_conversions
    Feature record: CXX_FEATURE:0cxx_extended_friend_declarations
    Feature record: CXX_FEATURE:0cxx_extern_templates
    Feature record: CXX_FEATURE:0cxx_final
    Feature record: CXX_FEATURE:0cxx_func_identifier
    Feature record: CXX_FEATURE:0cxx_generalized_initializers
    Feature record: CXX_FEATURE:0cxx_generic_lambdas
    Feature record: CXX_FEATURE:0cxx_inheriting_constructors
    Feature record: CXX_FEATURE:0cxx_inline_namespaces
    Feature record: CXX_FEATURE:0cxx_lambdas
    Feature record: CXX_FEATURE:0cxx_lambda_init_captures
    Feature record: CXX_FEATURE:0cxx_local_type_template_args
    Feature record: CXX_FEATURE:0cxx_long_long_type
    Feature record: CXX_FEATURE:0cxx_noexcept
    Feature record: CXX_FEATURE:0cxx_nonstatic_member_init
    Feature record: CXX_FEATURE:0cxx_nullptr
    Feature record: CXX_FEATURE:0cxx_override
    Feature record: CXX_FEATURE:0cxx_range_for
    Feature record: CXX_FEATURE:0cxx_raw_string_literals
    Feature record: CXX_FEATURE:0cxx_reference_qualified_functions
    Feature record: CXX_FEATURE:0cxx_relaxed_constexpr
    Feature record: CXX_FEATURE:0cxx_return_type_deduction
    Feature record: CXX_FEATURE:0cxx_right_angle_brackets
    Feature record: CXX_FEATURE:0cxx_rvalue_references
    Feature record: CXX_FEATURE:0cxx_sizeof_member
    Feature record: CXX_FEATURE:0cxx_static_assert
    Feature record: CXX_FEATURE:0cxx_strong_enums
    Feature record: CXX_FEATURE:1cxx_template_template_parameters
    Feature record: CXX_FEATURE:0cxx_thread_local
    Feature record: CXX_FEATURE:0cxx_trailing_return_types
    Feature record: CXX_FEATURE:0cxx_unicode_literals
    Feature record: CXX_FEATURE:0cxx_uniform_initialization
    Feature record: CXX_FEATURE:0cxx_unrestricted_unions
    Feature record: CXX_FEATURE:0cxx_user_literals
    Feature record: CXX_FEATURE:0cxx_variable_templates
    Feature record: CXX_FEATURE:0cxx_variadic_macros
    Feature record: CXX_FEATURE:0cxx_variadic_templates
Determining if the C compiler works passed with the following output:
Change Dir: /g/g20/cuneo3/testraja/RAJA/build_lc_toss3-gcc-8.1.0/CMakeFiles/CMakeTmp

Run Build Command(s):/usr/bin/gmake cmTC_f0e20/fast 
/usr/bin/gmake -f CMakeFiles/cmTC_f0e20.dir/build.make CMakeFiles/cmTC_f0e20.dir/build
gmake[1]: Entering directory `/g/g20/cuneo3/testraja/RAJA/build_lc_toss3-gcc-8.1.0/CMakeFiles/CMakeTmp'
Building C object CMakeFiles/cmTC_f0e20.dir/testCCompiler.c.o
/usr/tce/packages/gcc/gcc-8.1.0/bin/cc    -o CMakeFiles/cmTC_f0e20.dir/testCCompiler.c.o   -c /g/g20/cuneo3/testraja/RAJA/build_lc_toss3-gcc-8.1.0/CMakeFiles/CMakeTmp/testCCompiler.c
Linking C executable cmTC_f0e20
/usr/tce/packages/cmake/cmake-3.14.5/bin/cmake -E cmake_link_script CMakeFiles/cmTC_f0e20.dir/link.txt --verbose=1
/usr/tce/packages/gcc/gcc-8.1.0/bin/cc      -rdynamic CMakeFiles/cmTC_f0e20.dir/testCCompiler.c.o  -o cmTC_f0e20 
gmake[1]: Leaving directory `/g/g20/cuneo3/testraja/RAJA/build_lc_toss3-gcc-8.1.0/CMakeFiles/CMakeTmp'


Detecting C compiler ABI info compiled with the following output:
Change Dir: /g/g20/cuneo3/testraja/RAJA/build_lc_toss3-gcc-8.1.0/CMakeFiles/CMakeTmp

Run Build Command(s):/usr/bin/gmake cmTC_c8091/fast 
/usr/bin/gmake -f CMakeFiles/cmTC_c8091.dir/build.make CMakeFiles/cmTC_c8091.dir/build
gmake[1]: Entering directory `/g/g20/cuneo3/testraja/RAJA/build_lc_toss3-gcc-8.1.0/CMakeFiles/CMakeTmp'
Building C object CMakeFiles/cmTC_c8091.dir/CMakeCCompilerABI.c.o
/usr/tce/packages/gcc/gcc-8.1.0/bin/cc   -v -o CMakeFiles/cmTC_c8091.dir/CMakeCCompilerABI.c.o   -c /usr/tce/packages/cmake/cmake-3.14.5/share/cmake/Modules/CMakeCCompilerABI.c
Reading specs from /usr/tce/packages/gcc/gcc-8.1.0/lib64/gcc/x86_64-pc-linux-gnu/8.1.0/specs
COLLECT_GCC=/usr/tce/packages/gcc/gcc-8.1.0/bin/cc
Target: x86_64-pc-linux-gnu
Configured with: /builddir/build/BUILD/gccspack/spack/var/spack/stage/gcc-8.1.0-yf4dn5leietjepntgrnkv4syhgmb2nmm/gcc-8.1.0/configure --prefix=/usr/tce/packages/gcc/gcc-8.1.0 --libdir=/usr/tce/packages/gcc/gcc-8.1.0/lib64 --disable-multilib --enable-languages=c,obj-c++,c++,fortran,objc,go,lto --with-mpfr=/ --with-gmp=/usr --enable-lto --with-quad --with-sysroot=/ --with-stage1-ldflags='-Wl,-rpath,/usr/tce/packages/gcc/gcc-8.1.0/lib -Wl,-rpath,/usr/tce/packages/gcc/gcc-8.1.0/lib64 -Wl,-rpath,/lib -Wl,-rpath,/builddir/build/BUILD/gccspack/spack/opt/spack/linux-rhel7-x86_64/gcc-4.8.5/isl-0.18-a6bgwfhlamdrd6tbb7l6oonhnxruvlfh/lib -Wl,-rpath,/usr/lib -Wl,-rpath,/usr/tce/packages/binutils/binutils-2.30/lib -Wl,-rpath,/lib -Wl,-rpath,/lib64 -Wl,-rpath,/usr/lib64 -Wl,-rpath,/usr/tce/packages/binutils/binutils-2.30/lib64 -Wl,-rpath,/lib64 -static-libstdc++ -static-libgcc' --with-boot-ldflags='-Wl,-rpath,/usr/tce/packages/gcc/gcc-8.1.0/lib -Wl,-rpath,/usr/tce/packages/gcc/gcc-8.1.0/lib64 -Wl,-rpath,/lib -Wl,-rpath,/builddir/build/BUILD/gccspack/spack/opt/spack/linux-rhel7-x86_64/gcc-4.8.5/isl-0.18-a6bgwfhlamdrd6tbb7l6oonhnxruvlfh/lib -Wl,-rpath,/usr/lib -Wl,-rpath,/usr/tce/packages/binutils/binutils-2.30/lib -Wl,-rpath,/lib -Wl,-rpath,/lib64 -Wl,-rpath,/usr/lib64 -Wl,-rpath,/usr/tce/packages/binutils/binutils-2.30/lib64 -Wl,-rpath,/lib64 -static-libstdc++ -static-libgcc' --with-gnu-ld --with-gnu-as --with-ld=/usr/tce/packages/gcc/gcc-8.1.0/bin/ld --with-as=/usr/tce/packages/gcc/gcc-8.1.0/bin/as --with-mpc=/ --with-isl=/builddir/build/BUILD/gccspack/spack/opt/spack/linux-rhel7-x86_64/gcc-4.8.5/isl-0.18-a6bgwfhlamdrd6tbb7l6oonhnxruvlfh
Thread model: posix
gcc version 8.1.0 (GCC) 
COLLECT_GCC_OPTIONS='-v' '-o' 'CMakeFiles/cmTC_c8091.dir/CMakeCCompilerABI.c.o' '-c' '-mtune=generic' '-march=x86-64'
 /usr/tce/packages/gcc/gcc-8.1.0/libexec/gcc/x86_64-pc-linux-gnu/8.1.0/cc1 -quiet -v /usr/tce/packages/cmake/cmake-3.14.5/share/cmake/Modules/CMakeCCompilerABI.c -quiet -dumpbase CMakeCCompilerABI.c -mtune=generic -march=x86-64 -auxbase-strip CMakeFiles/cmTC_c8091.dir/CMakeCCompilerABI.c.o -version -o /var/tmp/cuneo3/ccWkqh7V.s
GNU C17 (GCC) version 8.1.0 (x86_64-pc-linux-gnu)
	compiled by GNU C version 8.1.0, GMP version 6.0.0, MPFR version 3.1.1, MPC version 1.0.1, isl version isl-0.18-GMP

GGC heuristics: --param ggc-min-expand=100 --param ggc-min-heapsize=131072
ignoring nonexistent directory "/usr/tce/packages/gcc/gcc-8.1.0/lib64/gcc/x86_64-pc-linux-gnu/8.1.0/../../../../x86_64-pc-linux-gnu/include"
#include "..." search starts here:
#include <...> search starts here:
 /usr/tce/packages/gcc/gcc-8.1.0/lib64/gcc/x86_64-pc-linux-gnu/8.1.0/include
 /usr/local/include
 /usr/tce/packages/gcc/gcc-8.1.0/lib64/gcc/x86_64-pc-linux-gnu/8.1.0/include-fixed
 /usr/include
End of search list.
GNU C17 (GCC) version 8.1.0 (x86_64-pc-linux-gnu)
	compiled by GNU C version 8.1.0, GMP version 6.0.0, MPFR version 3.1.1, MPC version 1.0.1, isl version isl-0.18-GMP

GGC heuristics: --param ggc-min-expand=100 --param ggc-min-heapsize=131072
Compiler executable checksum: c1e03d33fcb33276674088bdc8e19a1d
COLLECT_GCC_OPTIONS='-v' '-o' 'CMakeFiles/cmTC_c8091.dir/CMakeCCompilerABI.c.o' '-c' '-mtune=generic' '-march=x86-64'
 /usr/tce/packages/gcc/gcc-8.1.0/bin/as -v --64 -o CMakeFiles/cmTC_c8091.dir/CMakeCCompilerABI.c.o /var/tmp/cuneo3/ccWkqh7V.s
GNU assembler version 2.30 (x86_64-pc-linux-gnu) using BFD version (GNU Binutils) 2.30
COMPILER_PATH=/usr/tce/packages/gcc/gcc-8.1.0/libexec/gcc/x86_64-pc-linux-gnu/8.1.0/:/usr/tce/packages/gcc/gcc-8.1.0/libexec/gcc/x86_64-pc-linux-gnu/8.1.0/:/usr/tce/packages/gcc/gcc-8.1.0/libexec/gcc/x86_64-pc-linux-gnu/:/usr/tce/packages/gcc/gcc-8.1.0/lib64/gcc/x86_64-pc-linux-gnu/8.1.0/:/usr/tce/packages/gcc/gcc-8.1.0/lib64/gcc/x86_64-pc-linux-gnu/
LIBRARY_PATH=/usr/tce/packages/gcc/gcc-8.1.0/lib64/gcc/x86_64-pc-linux-gnu/8.1.0/:/usr/tce/packages/gcc/gcc-8.1.0/lib64/gcc/x86_64-pc-linux-gnu/8.1.0/../../../../lib64/:/lib/../lib64/:/usr/lib/../lib64/:/usr/tce/packages/gcc/gcc-8.1.0/lib64/gcc/x86_64-pc-linux-gnu/8.1.0/../../../:/lib/:/usr/lib/
COLLECT_GCC_OPTIONS='-v' '-o' 'CMakeFiles/cmTC_c8091.dir/CMakeCCompilerABI.c.o' '-c' '-mtune=generic' '-march=x86-64'
Linking C executable cmTC_c8091
/usr/tce/packages/cmake/cmake-3.14.5/bin/cmake -E cmake_link_script CMakeFiles/cmTC_c8091.dir/link.txt --verbose=1
/usr/tce/packages/gcc/gcc-8.1.0/bin/cc     -v -rdynamic CMakeFiles/cmTC_c8091.dir/CMakeCCompilerABI.c.o  -o cmTC_c8091 
Reading specs from /usr/tce/packages/gcc/gcc-8.1.0/lib64/gcc/x86_64-pc-linux-gnu/8.1.0/specs
COLLECT_GCC=/usr/tce/packages/gcc/gcc-8.1.0/bin/cc
COLLECT_LTO_WRAPPER=/usr/tce/packages/gcc/gcc-8.1.0/libexec/gcc/x86_64-pc-linux-gnu/8.1.0/lto-wrapper
Target: x86_64-pc-linux-gnu
Configured with: /builddir/build/BUILD/gccspack/spack/var/spack/stage/gcc-8.1.0-yf4dn5leietjepntgrnkv4syhgmb2nmm/gcc-8.1.0/configure --prefix=/usr/tce/packages/gcc/gcc-8.1.0 --libdir=/usr/tce/packages/gcc/gcc-8.1.0/lib64 --disable-multilib --enable-languages=c,obj-c++,c++,fortran,objc,go,lto --with-mpfr=/ --with-gmp=/usr --enable-lto --with-quad --with-sysroot=/ --with-stage1-ldflags='-Wl,-rpath,/usr/tce/packages/gcc/gcc-8.1.0/lib -Wl,-rpath,/usr/tce/packages/gcc/gcc-8.1.0/lib64 -Wl,-rpath,/lib -Wl,-rpath,/builddir/build/BUILD/gccspack/spack/opt/spack/linux-rhel7-x86_64/gcc-4.8.5/isl-0.18-a6bgwfhlamdrd6tbb7l6oonhnxruvlfh/lib -Wl,-rpath,/usr/lib -Wl,-rpath,/usr/tce/packages/binutils/binutils-2.30/lib -Wl,-rpath,/lib -Wl,-rpath,/lib64 -Wl,-rpath,/usr/lib64 -Wl,-rpath,/usr/tce/packages/binutils/binutils-2.30/lib64 -Wl,-rpath,/lib64 -static-libstdc++ -static-libgcc' --with-boot-ldflags='-Wl,-rpath,/usr/tce/packages/gcc/gcc-8.1.0/lib -Wl,-rpath,/usr/tce/packages/gcc/gcc-8.1.0/lib64 -Wl,-rpath,/lib -Wl,-rpath,/builddir/build/BUILD/gccspack/spack/opt/spack/linux-rhel7-x86_64/gcc-4.8.5/isl-0.18-a6bgwfhlamdrd6tbb7l6oonhnxruvlfh/lib -Wl,-rpath,/usr/lib -Wl,-rpath,/usr/tce/packages/binutils/binutils-2.30/lib -Wl,-rpath,/lib -Wl,-rpath,/lib64 -Wl,-rpath,/usr/lib64 -Wl,-rpath,/usr/tce/packages/binutils/binutils-2.30/lib64 -Wl,-rpath,/lib64 -static-libstdc++ -static-libgcc' --with-gnu-ld --with-gnu-as --with-ld=/usr/tce/packages/gcc/gcc-8.1.0/bin/ld --with-as=/usr/tce/packages/gcc/gcc-8.1.0/bin/as --with-mpc=/ --with-isl=/builddir/build/BUILD/gccspack/spack/opt/spack/linux-rhel7-x86_64/gcc-4.8.5/isl-0.18-a6bgwfhlamdrd6tbb7l6oonhnxruvlfh
Thread model: posix
gcc version 8.1.0 (GCC) 
COMPILER_PATH=/usr/tce/packages/gcc/gcc-8.1.0/libexec/gcc/x86_64-pc-linux-gnu/8.1.0/:/usr/tce/packages/gcc/gcc-8.1.0/libexec/gcc/x86_64-pc-linux-gnu/8.1.0/:/usr/tce/packages/gcc/gcc-8.1.0/libexec/gcc/x86_64-pc-linux-gnu/:/usr/tce/packages/gcc/gcc-8.1.0/lib64/gcc/x86_64-pc-linux-gnu/8.1.0/:/usr/tce/packages/gcc/gcc-8.1.0/lib64/gcc/x86_64-pc-linux-gnu/
LIBRARY_PATH=/usr/tce/packages/gcc/gcc-8.1.0/lib64/gcc/x86_64-pc-linux-gnu/8.1.0/:/usr/tce/packages/gcc/gcc-8.1.0/lib64/gcc/x86_64-pc-linux-gnu/8.1.0/../../../../lib64/:/lib/../lib64/:/usr/lib/../lib64/:/usr/tce/packages/gcc/gcc-8.1.0/lib64/gcc/x86_64-pc-linux-gnu/8.1.0/../../../:/lib/:/usr/lib/
COLLECT_GCC_OPTIONS='-v' '-rdynamic' '-o' 'cmTC_c8091' '-mtune=generic' '-march=x86-64'
 /usr/tce/packages/gcc/gcc-8.1.0/libexec/gcc/x86_64-pc-linux-gnu/8.1.0/collect2 -plugin /usr/tce/packages/gcc/gcc-8.1.0/libexec/gcc/x86_64-pc-linux-gnu/8.1.0/liblto_plugin.so -plugin-opt=/usr/tce/packages/gcc/gcc-8.1.0/libexec/gcc/x86_64-pc-linux-gnu/8.1.0/lto-wrapper -plugin-opt=-fresolution=/var/tmp/cuneo3/ccRUdKp2.res -plugin-opt=-pass-through=-lgcc -plugin-opt=-pass-through=-lgcc_s -plugin-opt=-pass-through=-lc -plugin-opt=-pass-through=-lgcc -plugin-opt=-pass-through=-lgcc_s --sysroot=/ -rpath /usr/tce/packages/gcc/gcc-8.1.0/lib64 --eh-frame-hdr -m elf_x86_64 -export-dynamic -dynamic-linker /lib64/ld-linux-x86-64.so.2 -o cmTC_c8091 /lib/../lib64/crt1.o /lib/../lib64/crti.o /usr/tce/packages/gcc/gcc-8.1.0/lib64/gcc/x86_64-pc-linux-gnu/8.1.0/crtbegin.o -L/usr/tce/packages/gcc/gcc-8.1.0/lib64/gcc/x86_64-pc-linux-gnu/8.1.0 -L/usr/tce/packages/gcc/gcc-8.1.0/lib64/gcc/x86_64-pc-linux-gnu/8.1.0/../../../../lib64 -L/lib/../lib64 -L/usr/lib/../lib64 -L/usr/tce/packages/gcc/gcc-8.1.0/lib64/gcc/x86_64-pc-linux-gnu/8.1.0/../../.. CMakeFiles/cmTC_c8091.dir/CMakeCCompilerABI.c.o -lgcc --as-needed -lgcc_s --no-as-needed -lc -lgcc --as-needed -lgcc_s --no-as-needed /usr/tce/packages/gcc/gcc-8.1.0/lib64/gcc/x86_64-pc-linux-gnu/8.1.0/crtend.o /lib/../lib64/crtn.o
COLLECT_GCC_OPTIONS='-v' '-rdynamic' '-o' 'cmTC_c8091' '-mtune=generic' '-march=x86-64'
gmake[1]: Leaving directory `/g/g20/cuneo3/testraja/RAJA/build_lc_toss3-gcc-8.1.0/CMakeFiles/CMakeTmp'


Parsed C implicit include dir info from above output: rv=done
  found start of include info
  found start of implicit include info
    add: [/usr/tce/packages/gcc/gcc-8.1.0/lib64/gcc/x86_64-pc-linux-gnu/8.1.0/include]
    add: [/usr/local/include]
    add: [/usr/tce/packages/gcc/gcc-8.1.0/lib64/gcc/x86_64-pc-linux-gnu/8.1.0/include-fixed]
    add: [/usr/include]
  end of search list found
  collapse include dir [/usr/tce/packages/gcc/gcc-8.1.0/lib64/gcc/x86_64-pc-linux-gnu/8.1.0/include] ==> [/usr/tce/packages/gcc/gcc-8.1.0/lib64/gcc/x86_64-pc-linux-gnu/8.1.0/include]
  collapse include dir [/usr/local/include] ==> [/usr/local/include]
  collapse include dir [/usr/tce/packages/gcc/gcc-8.1.0/lib64/gcc/x86_64-pc-linux-gnu/8.1.0/include-fixed] ==> [/usr/tce/packages/gcc/gcc-8.1.0/lib64/gcc/x86_64-pc-linux-gnu/8.1.0/include-fixed]
  collapse include dir [/usr/include] ==> [/usr/include]
  implicit include dirs: [/usr/tce/packages/gcc/gcc-8.1.0/lib64/gcc/x86_64-pc-linux-gnu/8.1.0/include;/usr/local/include;/usr/tce/packages/gcc/gcc-8.1.0/lib64/gcc/x86_64-pc-linux-gnu/8.1.0/include-fixed;/usr/include]


Parsed C implicit link information from above output:
  link line regex: [^( *|.*[/\])(ld|CMAKE_LINK_STARTFILE-NOTFOUND|([^/\]+-)?ld|collect2)[^/\]*( |$)]
  ignore line: [Change Dir: /g/g20/cuneo3/testraja/RAJA/build_lc_toss3-gcc-8.1.0/CMakeFiles/CMakeTmp]
  ignore line: []
  ignore line: [Run Build Command(s):/usr/bin/gmake cmTC_c8091/fast ]
  ignore line: [/usr/bin/gmake -f CMakeFiles/cmTC_c8091.dir/build.make CMakeFiles/cmTC_c8091.dir/build]
  ignore line: [gmake[1]: Entering directory `/g/g20/cuneo3/testraja/RAJA/build_lc_toss3-gcc-8.1.0/CMakeFiles/CMakeTmp']
  ignore line: [Building C object CMakeFiles/cmTC_c8091.dir/CMakeCCompilerABI.c.o]
  ignore line: [/usr/tce/packages/gcc/gcc-8.1.0/bin/cc   -v -o CMakeFiles/cmTC_c8091.dir/CMakeCCompilerABI.c.o   -c /usr/tce/packages/cmake/cmake-3.14.5/share/cmake/Modules/CMakeCCompilerABI.c]
  ignore line: [Reading specs from /usr/tce/packages/gcc/gcc-8.1.0/lib64/gcc/x86_64-pc-linux-gnu/8.1.0/specs]
  ignore line: [COLLECT_GCC=/usr/tce/packages/gcc/gcc-8.1.0/bin/cc]
  ignore line: [Target: x86_64-pc-linux-gnu]
  ignore line: [Configured with: /builddir/build/BUILD/gccspack/spack/var/spack/stage/gcc-8.1.0-yf4dn5leietjepntgrnkv4syhgmb2nmm/gcc-8.1.0/configure --prefix=/usr/tce/packages/gcc/gcc-8.1.0 --libdir=/usr/tce/packages/gcc/gcc-8.1.0/lib64 --disable-multilib --enable-languages=c,obj-c++,c++,fortran,objc,go,lto --with-mpfr=/ --with-gmp=/usr --enable-lto --with-quad --with-sysroot=/ --with-stage1-ldflags='-Wl,-rpath,/usr/tce/packages/gcc/gcc-8.1.0/lib -Wl,-rpath,/usr/tce/packages/gcc/gcc-8.1.0/lib64 -Wl,-rpath,/lib -Wl,-rpath,/builddir/build/BUILD/gccspack/spack/opt/spack/linux-rhel7-x86_64/gcc-4.8.5/isl-0.18-a6bgwfhlamdrd6tbb7l6oonhnxruvlfh/lib -Wl,-rpath,/usr/lib -Wl,-rpath,/usr/tce/packages/binutils/binutils-2.30/lib -Wl,-rpath,/lib -Wl,-rpath,/lib64 -Wl,-rpath,/usr/lib64 -Wl,-rpath,/usr/tce/packages/binutils/binutils-2.30/lib64 -Wl,-rpath,/lib64 -static-libstdc++ -static-libgcc' --with-boot-ldflags='-Wl,-rpath,/usr/tce/packages/gcc/gcc-8.1.0/lib -Wl,-rpath,/usr/tce/packages/gcc/gcc-8.1.0/lib64 -Wl,-rpath,/lib -Wl,-rpath,/builddir/build/BUILD/gccspack/spack/opt/spack/linux-rhel7-x86_64/gcc-4.8.5/isl-0.18-a6bgwfhlamdrd6tbb7l6oonhnxruvlfh/lib -Wl,-rpath,/usr/lib -Wl,-rpath,/usr/tce/packages/binutils/binutils-2.30/lib -Wl,-rpath,/lib -Wl,-rpath,/lib64 -Wl,-rpath,/usr/lib64 -Wl,-rpath,/usr/tce/packages/binutils/binutils-2.30/lib64 -Wl,-rpath,/lib64 -static-libstdc++ -static-libgcc' --with-gnu-ld --with-gnu-as --with-ld=/usr/tce/packages/gcc/gcc-8.1.0/bin/ld --with-as=/usr/tce/packages/gcc/gcc-8.1.0/bin/as --with-mpc=/ --with-isl=/builddir/build/BUILD/gccspack/spack/opt/spack/linux-rhel7-x86_64/gcc-4.8.5/isl-0.18-a6bgwfhlamdrd6tbb7l6oonhnxruvlfh]
  ignore line: [Thread model: posix]
  ignore line: [gcc version 8.1.0 (GCC) ]
  ignore line: [COLLECT_GCC_OPTIONS='-v' '-o' 'CMakeFiles/cmTC_c8091.dir/CMakeCCompilerABI.c.o' '-c' '-mtune=generic' '-march=x86-64']
  ignore line: [ /usr/tce/packages/gcc/gcc-8.1.0/libexec/gcc/x86_64-pc-linux-gnu/8.1.0/cc1 -quiet -v /usr/tce/packages/cmake/cmake-3.14.5/share/cmake/Modules/CMakeCCompilerABI.c -quiet -dumpbase CMakeCCompilerABI.c -mtune=generic -march=x86-64 -auxbase-strip CMakeFiles/cmTC_c8091.dir/CMakeCCompilerABI.c.o -version -o /var/tmp/cuneo3/ccWkqh7V.s]
  ignore line: [GNU C17 (GCC) version 8.1.0 (x86_64-pc-linux-gnu)]
  ignore line: [	compiled by GNU C version 8.1.0, GMP version 6.0.0, MPFR version 3.1.1, MPC version 1.0.1, isl version isl-0.18-GMP]
  ignore line: []
  ignore line: [GGC heuristics: --param ggc-min-expand=100 --param ggc-min-heapsize=131072]
  ignore line: [ignoring nonexistent directory "/usr/tce/packages/gcc/gcc-8.1.0/lib64/gcc/x86_64-pc-linux-gnu/8.1.0/../../../../x86_64-pc-linux-gnu/include"]
  ignore line: [#include "..." search starts here:]
  ignore line: [#include <...> search starts here:]
  ignore line: [ /usr/tce/packages/gcc/gcc-8.1.0/lib64/gcc/x86_64-pc-linux-gnu/8.1.0/include]
  ignore line: [ /usr/local/include]
  ignore line: [ /usr/tce/packages/gcc/gcc-8.1.0/lib64/gcc/x86_64-pc-linux-gnu/8.1.0/include-fixed]
  ignore line: [ /usr/include]
  ignore line: [End of search list.]
  ignore line: [GNU C17 (GCC) version 8.1.0 (x86_64-pc-linux-gnu)]
  ignore line: [	compiled by GNU C version 8.1.0, GMP version 6.0.0, MPFR version 3.1.1, MPC version 1.0.1, isl version isl-0.18-GMP]
  ignore line: []
  ignore line: [GGC heuristics: --param ggc-min-expand=100 --param ggc-min-heapsize=131072]
  ignore line: [Compiler executable checksum: c1e03d33fcb33276674088bdc8e19a1d]
  ignore line: [COLLECT_GCC_OPTIONS='-v' '-o' 'CMakeFiles/cmTC_c8091.dir/CMakeCCompilerABI.c.o' '-c' '-mtune=generic' '-march=x86-64']
  ignore line: [ /usr/tce/packages/gcc/gcc-8.1.0/bin/as -v --64 -o CMakeFiles/cmTC_c8091.dir/CMakeCCompilerABI.c.o /var/tmp/cuneo3/ccWkqh7V.s]
  ignore line: [GNU assembler version 2.30 (x86_64-pc-linux-gnu) using BFD version (GNU Binutils) 2.30]
  ignore line: [COMPILER_PATH=/usr/tce/packages/gcc/gcc-8.1.0/libexec/gcc/x86_64-pc-linux-gnu/8.1.0/:/usr/tce/packages/gcc/gcc-8.1.0/libexec/gcc/x86_64-pc-linux-gnu/8.1.0/:/usr/tce/packages/gcc/gcc-8.1.0/libexec/gcc/x86_64-pc-linux-gnu/:/usr/tce/packages/gcc/gcc-8.1.0/lib64/gcc/x86_64-pc-linux-gnu/8.1.0/:/usr/tce/packages/gcc/gcc-8.1.0/lib64/gcc/x86_64-pc-linux-gnu/]
  ignore line: [LIBRARY_PATH=/usr/tce/packages/gcc/gcc-8.1.0/lib64/gcc/x86_64-pc-linux-gnu/8.1.0/:/usr/tce/packages/gcc/gcc-8.1.0/lib64/gcc/x86_64-pc-linux-gnu/8.1.0/../../../../lib64/:/lib/../lib64/:/usr/lib/../lib64/:/usr/tce/packages/gcc/gcc-8.1.0/lib64/gcc/x86_64-pc-linux-gnu/8.1.0/../../../:/lib/:/usr/lib/]
  ignore line: [COLLECT_GCC_OPTIONS='-v' '-o' 'CMakeFiles/cmTC_c8091.dir/CMakeCCompilerABI.c.o' '-c' '-mtune=generic' '-march=x86-64']
  ignore line: [Linking C executable cmTC_c8091]
  ignore line: [/usr/tce/packages/cmake/cmake-3.14.5/bin/cmake -E cmake_link_script CMakeFiles/cmTC_c8091.dir/link.txt --verbose=1]
  ignore line: [/usr/tce/packages/gcc/gcc-8.1.0/bin/cc     -v -rdynamic CMakeFiles/cmTC_c8091.dir/CMakeCCompilerABI.c.o  -o cmTC_c8091 ]
  ignore line: [Reading specs from /usr/tce/packages/gcc/gcc-8.1.0/lib64/gcc/x86_64-pc-linux-gnu/8.1.0/specs]
  ignore line: [COLLECT_GCC=/usr/tce/packages/gcc/gcc-8.1.0/bin/cc]
  ignore line: [COLLECT_LTO_WRAPPER=/usr/tce/packages/gcc/gcc-8.1.0/libexec/gcc/x86_64-pc-linux-gnu/8.1.0/lto-wrapper]
  ignore line: [Target: x86_64-pc-linux-gnu]
  ignore line: [Configured with: /builddir/build/BUILD/gccspack/spack/var/spack/stage/gcc-8.1.0-yf4dn5leietjepntgrnkv4syhgmb2nmm/gcc-8.1.0/configure --prefix=/usr/tce/packages/gcc/gcc-8.1.0 --libdir=/usr/tce/packages/gcc/gcc-8.1.0/lib64 --disable-multilib --enable-languages=c,obj-c++,c++,fortran,objc,go,lto --with-mpfr=/ --with-gmp=/usr --enable-lto --with-quad --with-sysroot=/ --with-stage1-ldflags='-Wl,-rpath,/usr/tce/packages/gcc/gcc-8.1.0/lib -Wl,-rpath,/usr/tce/packages/gcc/gcc-8.1.0/lib64 -Wl,-rpath,/lib -Wl,-rpath,/builddir/build/BUILD/gccspack/spack/opt/spack/linux-rhel7-x86_64/gcc-4.8.5/isl-0.18-a6bgwfhlamdrd6tbb7l6oonhnxruvlfh/lib -Wl,-rpath,/usr/lib -Wl,-rpath,/usr/tce/packages/binutils/binutils-2.30/lib -Wl,-rpath,/lib -Wl,-rpath,/lib64 -Wl,-rpath,/usr/lib64 -Wl,-rpath,/usr/tce/packages/binutils/binutils-2.30/lib64 -Wl,-rpath,/lib64 -static-libstdc++ -static-libgcc' --with-boot-ldflags='-Wl,-rpath,/usr/tce/packages/gcc/gcc-8.1.0/lib -Wl,-rpath,/usr/tce/packages/gcc/gcc-8.1.0/lib64 -Wl,-rpath,/lib -Wl,-rpath,/builddir/build/BUILD/gccspack/spack/opt/spack/linux-rhel7-x86_64/gcc-4.8.5/isl-0.18-a6bgwfhlamdrd6tbb7l6oonhnxruvlfh/lib -Wl,-rpath,/usr/lib -Wl,-rpath,/usr/tce/packages/binutils/binutils-2.30/lib -Wl,-rpath,/lib -Wl,-rpath,/lib64 -Wl,-rpath,/usr/lib64 -Wl,-rpath,/usr/tce/packages/binutils/binutils-2.30/lib64 -Wl,-rpath,/lib64 -static-libstdc++ -static-libgcc' --with-gnu-ld --with-gnu-as --with-ld=/usr/tce/packages/gcc/gcc-8.1.0/bin/ld --with-as=/usr/tce/packages/gcc/gcc-8.1.0/bin/as --with-mpc=/ --with-isl=/builddir/build/BUILD/gccspack/spack/opt/spack/linux-rhel7-x86_64/gcc-4.8.5/isl-0.18-a6bgwfhlamdrd6tbb7l6oonhnxruvlfh]
  ignore line: [Thread model: posix]
  ignore line: [gcc version 8.1.0 (GCC) ]
  ignore line: [COMPILER_PATH=/usr/tce/packages/gcc/gcc-8.1.0/libexec/gcc/x86_64-pc-linux-gnu/8.1.0/:/usr/tce/packages/gcc/gcc-8.1.0/libexec/gcc/x86_64-pc-linux-gnu/8.1.0/:/usr/tce/packages/gcc/gcc-8.1.0/libexec/gcc/x86_64-pc-linux-gnu/:/usr/tce/packages/gcc/gcc-8.1.0/lib64/gcc/x86_64-pc-linux-gnu/8.1.0/:/usr/tce/packages/gcc/gcc-8.1.0/lib64/gcc/x86_64-pc-linux-gnu/]
  ignore line: [LIBRARY_PATH=/usr/tce/packages/gcc/gcc-8.1.0/lib64/gcc/x86_64-pc-linux-gnu/8.1.0/:/usr/tce/packages/gcc/gcc-8.1.0/lib64/gcc/x86_64-pc-linux-gnu/8.1.0/../../../../lib64/:/lib/../lib64/:/usr/lib/../lib64/:/usr/tce/packages/gcc/gcc-8.1.0/lib64/gcc/x86_64-pc-linux-gnu/8.1.0/../../../:/lib/:/usr/lib/]
  ignore line: [COLLECT_GCC_OPTIONS='-v' '-rdynamic' '-o' 'cmTC_c8091' '-mtune=generic' '-march=x86-64']
  link line: [ /usr/tce/packages/gcc/gcc-8.1.0/libexec/gcc/x86_64-pc-linux-gnu/8.1.0/collect2 -plugin /usr/tce/packages/gcc/gcc-8.1.0/libexec/gcc/x86_64-pc-linux-gnu/8.1.0/liblto_plugin.so -plugin-opt=/usr/tce/packages/gcc/gcc-8.1.0/libexec/gcc/x86_64-pc-linux-gnu/8.1.0/lto-wrapper -plugin-opt=-fresolution=/var/tmp/cuneo3/ccRUdKp2.res -plugin-opt=-pass-through=-lgcc -plugin-opt=-pass-through=-lgcc_s -plugin-opt=-pass-through=-lc -plugin-opt=-pass-through=-lgcc -plugin-opt=-pass-through=-lgcc_s --sysroot=/ -rpath /usr/tce/packages/gcc/gcc-8.1.0/lib64 --eh-frame-hdr -m elf_x86_64 -export-dynamic -dynamic-linker /lib64/ld-linux-x86-64.so.2 -o cmTC_c8091 /lib/../lib64/crt1.o /lib/../lib64/crti.o /usr/tce/packages/gcc/gcc-8.1.0/lib64/gcc/x86_64-pc-linux-gnu/8.1.0/crtbegin.o -L/usr/tce/packages/gcc/gcc-8.1.0/lib64/gcc/x86_64-pc-linux-gnu/8.1.0 -L/usr/tce/packages/gcc/gcc-8.1.0/lib64/gcc/x86_64-pc-linux-gnu/8.1.0/../../../../lib64 -L/lib/../lib64 -L/usr/lib/../lib64 -L/usr/tce/packages/gcc/gcc-8.1.0/lib64/gcc/x86_64-pc-linux-gnu/8.1.0/../../.. CMakeFiles/cmTC_c8091.dir/CMakeCCompilerABI.c.o -lgcc --as-needed -lgcc_s --no-as-needed -lc -lgcc --as-needed -lgcc_s --no-as-needed /usr/tce/packages/gcc/gcc-8.1.0/lib64/gcc/x86_64-pc-linux-gnu/8.1.0/crtend.o /lib/../lib64/crtn.o]
    arg [/usr/tce/packages/gcc/gcc-8.1.0/libexec/gcc/x86_64-pc-linux-gnu/8.1.0/collect2] ==> ignore
    arg [-plugin] ==> ignore
    arg [/usr/tce/packages/gcc/gcc-8.1.0/libexec/gcc/x86_64-pc-linux-gnu/8.1.0/liblto_plugin.so] ==> ignore
    arg [-plugin-opt=/usr/tce/packages/gcc/gcc-8.1.0/libexec/gcc/x86_64-pc-linux-gnu/8.1.0/lto-wrapper] ==> ignore
    arg [-plugin-opt=-fresolution=/var/tmp/cuneo3/ccRUdKp2.res] ==> ignore
    arg [-plugin-opt=-pass-through=-lgcc] ==> ignore
    arg [-plugin-opt=-pass-through=-lgcc_s] ==> ignore
    arg [-plugin-opt=-pass-through=-lc] ==> ignore
    arg [-plugin-opt=-pass-through=-lgcc] ==> ignore
    arg [-plugin-opt=-pass-through=-lgcc_s] ==> ignore
    arg [--sysroot=/] ==> ignore
    arg [-rpath] ==> ignore
    arg [/usr/tce/packages/gcc/gcc-8.1.0/lib64] ==> ignore
    arg [--eh-frame-hdr] ==> ignore
    arg [-m] ==> ignore
    arg [elf_x86_64] ==> ignore
    arg [-export-dynamic] ==> ignore
    arg [-dynamic-linker] ==> ignore
    arg [/lib64/ld-linux-x86-64.so.2] ==> ignore
    arg [-o] ==> ignore
    arg [cmTC_c8091] ==> ignore
    arg [/lib/../lib64/crt1.o] ==> ignore
    arg [/lib/../lib64/crti.o] ==> ignore
    arg [/usr/tce/packages/gcc/gcc-8.1.0/lib64/gcc/x86_64-pc-linux-gnu/8.1.0/crtbegin.o] ==> ignore
    arg [-L/usr/tce/packages/gcc/gcc-8.1.0/lib64/gcc/x86_64-pc-linux-gnu/8.1.0] ==> dir [/usr/tce/packages/gcc/gcc-8.1.0/lib64/gcc/x86_64-pc-linux-gnu/8.1.0]
    arg [-L/usr/tce/packages/gcc/gcc-8.1.0/lib64/gcc/x86_64-pc-linux-gnu/8.1.0/../../../../lib64] ==> dir [/usr/tce/packages/gcc/gcc-8.1.0/lib64/gcc/x86_64-pc-linux-gnu/8.1.0/../../../../lib64]
    arg [-L/lib/../lib64] ==> dir [/lib/../lib64]
    arg [-L/usr/lib/../lib64] ==> dir [/usr/lib/../lib64]
    arg [-L/usr/tce/packages/gcc/gcc-8.1.0/lib64/gcc/x86_64-pc-linux-gnu/8.1.0/../../..] ==> dir [/usr/tce/packages/gcc/gcc-8.1.0/lib64/gcc/x86_64-pc-linux-gnu/8.1.0/../../..]
    arg [CMakeFiles/cmTC_c8091.dir/CMakeCCompilerABI.c.o] ==> ignore
    arg [-lgcc] ==> lib [gcc]
    arg [--as-needed] ==> ignore
    arg [-lgcc_s] ==> lib [gcc_s]
    arg [--no-as-needed] ==> ignore
    arg [-lc] ==> lib [c]
    arg [-lgcc] ==> lib [gcc]
    arg [--as-needed] ==> ignore
    arg [-lgcc_s] ==> lib [gcc_s]
    arg [--no-as-needed] ==> ignore
    arg [/usr/tce/packages/gcc/gcc-8.1.0/lib64/gcc/x86_64-pc-linux-gnu/8.1.0/crtend.o] ==> ignore
    arg [/lib/../lib64/crtn.o] ==> ignore
  collapse library dir [/usr/tce/packages/gcc/gcc-8.1.0/lib64/gcc/x86_64-pc-linux-gnu/8.1.0] ==> [/usr/tce/packages/gcc/gcc-8.1.0/lib64/gcc/x86_64-pc-linux-gnu/8.1.0]
  collapse library dir [/usr/tce/packages/gcc/gcc-8.1.0/lib64/gcc/x86_64-pc-linux-gnu/8.1.0/../../../../lib64] ==> [/usr/tce/packages/gcc/gcc-8.1.0/lib64]
  collapse library dir [/lib/../lib64] ==> [/lib64]
  collapse library dir [/usr/lib/../lib64] ==> [/usr/lib64]
  collapse library dir [/usr/tce/packages/gcc/gcc-8.1.0/lib64/gcc/x86_64-pc-linux-gnu/8.1.0/../../..] ==> [/usr/tce/packages/gcc/gcc-8.1.0/lib64]
  implicit libs: [gcc;gcc_s;c;gcc;gcc_s]
  implicit dirs: [/usr/tce/packages/gcc/gcc-8.1.0/lib64/gcc/x86_64-pc-linux-gnu/8.1.0;/usr/tce/packages/gcc/gcc-8.1.0/lib64;/lib64;/usr/lib64]
  implicit fwks: []




Detecting C [-std=c11] compiler features compiled with the following output:
Change Dir: /g/g20/cuneo3/testraja/RAJA/build_lc_toss3-gcc-8.1.0/CMakeFiles/CMakeTmp

Run Build Command(s):/usr/bin/gmake cmTC_9a7c3/fast 
/usr/bin/gmake -f CMakeFiles/cmTC_9a7c3.dir/build.make CMakeFiles/cmTC_9a7c3.dir/build
gmake[1]: Entering directory `/g/g20/cuneo3/testraja/RAJA/build_lc_toss3-gcc-8.1.0/CMakeFiles/CMakeTmp'
Building C object CMakeFiles/cmTC_9a7c3.dir/feature_tests.c.o
/usr/tce/packages/gcc/gcc-8.1.0/bin/cc   -std=c11 -o CMakeFiles/cmTC_9a7c3.dir/feature_tests.c.o   -c /g/g20/cuneo3/testraja/RAJA/build_lc_toss3-gcc-8.1.0/CMakeFiles/feature_tests.c
Linking C executable cmTC_9a7c3
/usr/tce/packages/cmake/cmake-3.14.5/bin/cmake -E cmake_link_script CMakeFiles/cmTC_9a7c3.dir/link.txt --verbose=1
/usr/tce/packages/gcc/gcc-8.1.0/bin/cc      -rdynamic CMakeFiles/cmTC_9a7c3.dir/feature_tests.c.o  -o cmTC_9a7c3 
gmake[1]: Leaving directory `/g/g20/cuneo3/testraja/RAJA/build_lc_toss3-gcc-8.1.0/CMakeFiles/CMakeTmp'


    Feature record: C_FEATURE:1c_function_prototypes
    Feature record: C_FEATURE:1c_restrict
    Feature record: C_FEATURE:1c_static_assert
    Feature record: C_FEATURE:1c_variadic_macros


Detecting C [-std=c99] compiler features compiled with the following output:
Change Dir: /g/g20/cuneo3/testraja/RAJA/build_lc_toss3-gcc-8.1.0/CMakeFiles/CMakeTmp

Run Build Command(s):/usr/bin/gmake cmTC_33ee7/fast 
/usr/bin/gmake -f CMakeFiles/cmTC_33ee7.dir/build.make CMakeFiles/cmTC_33ee7.dir/build
gmake[1]: Entering directory `/g/g20/cuneo3/testraja/RAJA/build_lc_toss3-gcc-8.1.0/CMakeFiles/CMakeTmp'
Building C object CMakeFiles/cmTC_33ee7.dir/feature_tests.c.o
/usr/tce/packages/gcc/gcc-8.1.0/bin/cc   -std=c99 -o CMakeFiles/cmTC_33ee7.dir/feature_tests.c.o   -c /g/g20/cuneo3/testraja/RAJA/build_lc_toss3-gcc-8.1.0/CMakeFiles/feature_tests.c
Linking C executable cmTC_33ee7
/usr/tce/packages/cmake/cmake-3.14.5/bin/cmake -E cmake_link_script CMakeFiles/cmTC_33ee7.dir/link.txt --verbose=1
/usr/tce/packages/gcc/gcc-8.1.0/bin/cc      -rdynamic CMakeFiles/cmTC_33ee7.dir/feature_tests.c.o  -o cmTC_33ee7 
gmake[1]: Leaving directory `/g/g20/cuneo3/testraja/RAJA/build_lc_toss3-gcc-8.1.0/CMakeFiles/CMakeTmp'


    Feature record: C_FEATURE:1c_function_prototypes
    Feature record: C_FEATURE:1c_restrict
    Feature record: C_FEATURE:0c_static_assert
    Feature record: C_FEATURE:1c_variadic_macros


Detecting C [-std=c90] compiler features compiled with the following output:
Change Dir: /g/g20/cuneo3/testraja/RAJA/build_lc_toss3-gcc-8.1.0/CMakeFiles/CMakeTmp

Run Build Command(s):/usr/bin/gmake cmTC_82de6/fast 
/usr/bin/gmake -f CMakeFiles/cmTC_82de6.dir/build.make CMakeFiles/cmTC_82de6.dir/build
gmake[1]: Entering directory `/g/g20/cuneo3/testraja/RAJA/build_lc_toss3-gcc-8.1.0/CMakeFiles/CMakeTmp'
Building C object CMakeFiles/cmTC_82de6.dir/feature_tests.c.o
/usr/tce/packages/gcc/gcc-8.1.0/bin/cc   -std=c90 -o CMakeFiles/cmTC_82de6.dir/feature_tests.c.o   -c /g/g20/cuneo3/testraja/RAJA/build_lc_toss3-gcc-8.1.0/CMakeFiles/feature_tests.c
Linking C executable cmTC_82de6
/usr/tce/packages/cmake/cmake-3.14.5/bin/cmake -E cmake_link_script CMakeFiles/cmTC_82de6.dir/link.txt --verbose=1
/usr/tce/packages/gcc/gcc-8.1.0/bin/cc      -rdynamic CMakeFiles/cmTC_82de6.dir/feature_tests.c.o  -o cmTC_82de6 
gmake[1]: Leaving directory `/g/g20/cuneo3/testraja/RAJA/build_lc_toss3-gcc-8.1.0/CMakeFiles/CMakeTmp'


    Feature record: C_FEATURE:1c_function_prototypes
    Feature record: C_FEATURE:0c_restrict
    Feature record: C_FEATURE:0c_static_assert
    Feature record: C_FEATURE:0c_variadic_macros
Determining if the posix_memalign exist passed with the following output:
Change Dir: /g/g20/cuneo3/testraja/RAJA/build_lc_toss3-gcc-8.1.0/CMakeFiles/CMakeTmp

Run Build Command(s):/usr/bin/gmake cmTC_0abcd/fast 
/usr/bin/gmake -f CMakeFiles/cmTC_0abcd.dir/build.make CMakeFiles/cmTC_0abcd.dir/build
gmake[1]: Entering directory `/g/g20/cuneo3/testraja/RAJA/build_lc_toss3-gcc-8.1.0/CMakeFiles/CMakeTmp'
Building C object CMakeFiles/cmTC_0abcd.dir/CheckSymbolExists.c.o
/usr/tce/packages/gcc/gcc-8.1.0/bin/cc   -Wall -Wextra    -fPIE   -o CMakeFiles/cmTC_0abcd.dir/CheckSymbolExists.c.o   -c /g/g20/cuneo3/testraja/RAJA/build_lc_toss3-gcc-8.1.0/CMakeFiles/CMakeTmp/CheckSymbolExists.c
Linking C executable cmTC_0abcd
/usr/tce/packages/cmake/cmake-3.14.5/bin/cmake -E cmake_link_script CMakeFiles/cmTC_0abcd.dir/link.txt --verbose=1
/usr/tce/packages/gcc/gcc-8.1.0/bin/cc  -Wall -Wextra       CMakeFiles/cmTC_0abcd.dir/CheckSymbolExists.c.o  -o cmTC_0abcd 
gmake[1]: Leaving directory `/g/g20/cuneo3/testraja/RAJA/build_lc_toss3-gcc-8.1.0/CMakeFiles/CMakeTmp'

File /g/g20/cuneo3/testraja/RAJA/build_lc_toss3-gcc-8.1.0/CMakeFiles/CMakeTmp/CheckSymbolExists.c:
/* */
#include <stdlib.h>

int main(int argc, char** argv)
{
  (void)argv;
#ifndef posix_memalign
  return ((int*)(&posix_memalign))[argc];
#else
  (void)argc;
  return 0;
#endif
}

