Determining if the pthread_create exist failed with the following output:
Change Dir: /g/g20/cuneo3/testraja/RAJA/build_lc_toss3-gcc-8.1.0/CMakeFiles/CMakeTmp

Run Build Command(s):/usr/bin/gmake cmTC_dd5a4/fast 
/usr/bin/gmake -f CMakeFiles/cmTC_dd5a4.dir/build.make CMakeFiles/cmTC_dd5a4.dir/build
gmake[1]: Entering directory `/g/g20/cuneo3/testraja/RAJA/build_lc_toss3-gcc-8.1.0/CMakeFiles/CMakeTmp'
Building C object CMakeFiles/cmTC_dd5a4.dir/CheckSymbolExists.c.o
/usr/tce/packages/gcc/gcc-8.1.0/bin/cc   -Wall -Wextra    -fPIE   -o CMakeFiles/cmTC_dd5a4.dir/CheckSymbolExists.c.o   -c /g/g20/cuneo3/testraja/RAJA/build_lc_toss3-gcc-8.1.0/CMakeFiles/CMakeTmp/CheckSymbolExists.c
Linking C executable cmTC_dd5a4
/usr/tce/packages/cmake/cmake-3.14.5/bin/cmake -E cmake_link_script CMakeFiles/cmTC_dd5a4.dir/link.txt --verbose=1
/usr/tce/packages/gcc/gcc-8.1.0/bin/cc  -Wall -Wextra       -rdynamic CMakeFiles/cmTC_dd5a4.dir/CheckSymbolExists.c.o  -o cmTC_dd5a4 
CMakeFiles/cmTC_dd5a4.dir/CheckSymbolExists.c.o: In function `main':
CheckSymbolExists.c:(.text+0x1b): undefined reference to `pthread_create'
collect2: error: ld returned 1 exit status
gmake[1]: *** [cmTC_dd5a4] Error 1
gmake[1]: Leaving directory `/g/g20/cuneo3/testraja/RAJA/build_lc_toss3-gcc-8.1.0/CMakeFiles/CMakeTmp'
gmake: *** [cmTC_dd5a4/fast] Error 2

File /g/g20/cuneo3/testraja/RAJA/build_lc_toss3-gcc-8.1.0/CMakeFiles/CMakeTmp/CheckSymbolExists.c:
/* */
#include <pthread.h>

int main(int argc, char** argv)
{
  (void)argv;
#ifndef pthread_create
  return ((int*)(&pthread_create))[argc];
#else
  (void)argc;
  return 0;
#endif
}

Determining if the function pthread_create exists in the pthreads failed with the following output:
Change Dir: /g/g20/cuneo3/testraja/RAJA/build_lc_toss3-gcc-8.1.0/CMakeFiles/CMakeTmp

Run Build Command(s):/usr/bin/gmake cmTC_7c1e8/fast 
/usr/bin/gmake -f CMakeFiles/cmTC_7c1e8.dir/build.make CMakeFiles/cmTC_7c1e8.dir/build
gmake[1]: Entering directory `/g/g20/cuneo3/testraja/RAJA/build_lc_toss3-gcc-8.1.0/CMakeFiles/CMakeTmp'
Building C object CMakeFiles/cmTC_7c1e8.dir/CheckFunctionExists.c.o
/usr/tce/packages/gcc/gcc-8.1.0/bin/cc   -Wall -Wextra   -DCHECK_FUNCTION_EXISTS=pthread_create -fPIE   -o CMakeFiles/cmTC_7c1e8.dir/CheckFunctionExists.c.o   -c /usr/tce/packages/cmake/cmake-3.14.5/share/cmake/Modules/CheckFunctionExists.c
Linking C executable cmTC_7c1e8
/usr/tce/packages/cmake/cmake-3.14.5/bin/cmake -E cmake_link_script CMakeFiles/cmTC_7c1e8.dir/link.txt --verbose=1
/usr/tce/packages/gcc/gcc-8.1.0/bin/cc  -Wall -Wextra   -DCHECK_FUNCTION_EXISTS=pthread_create    -rdynamic CMakeFiles/cmTC_7c1e8.dir/CheckFunctionExists.c.o  -o cmTC_7c1e8 -lpthreads 
/usr/bin/ld: cannot find -lpthreads
collect2: error: ld returned 1 exit status
gmake[1]: *** [cmTC_7c1e8] Error 1
gmake[1]: Leaving directory `/g/g20/cuneo3/testraja/RAJA/build_lc_toss3-gcc-8.1.0/CMakeFiles/CMakeTmp'
gmake: *** [cmTC_7c1e8/fast] Error 2


Determining if the std::aligned_alloc exist failed with the following output:
Change Dir: /g/g20/cuneo3/testraja/RAJA/build_lc_toss3-gcc-8.1.0/CMakeFiles/CMakeTmp

Run Build Command(s):/usr/bin/gmake cmTC_d6230/fast 
/usr/bin/gmake -f CMakeFiles/cmTC_d6230.dir/build.make CMakeFiles/cmTC_d6230.dir/build
gmake[1]: Entering directory `/g/g20/cuneo3/testraja/RAJA/build_lc_toss3-gcc-8.1.0/CMakeFiles/CMakeTmp'
Building C object CMakeFiles/cmTC_d6230.dir/CheckSymbolExists.c.o
/usr/tce/packages/gcc/gcc-8.1.0/bin/cc   -Wall -Wextra    -fPIE   -o CMakeFiles/cmTC_d6230.dir/CheckSymbolExists.c.o   -c /g/g20/cuneo3/testraja/RAJA/build_lc_toss3-gcc-8.1.0/CMakeFiles/CMakeTmp/CheckSymbolExists.c
/g/g20/cuneo3/testraja/RAJA/build_lc_toss3-gcc-8.1.0/CMakeFiles/CMakeTmp/CheckSymbolExists.c: In function 'main':
/g/g20/cuneo3/testraja/RAJA/build_lc_toss3-gcc-8.1.0/CMakeFiles/CMakeTmp/CheckSymbolExists.c:7:12: warning: extra tokens at end of #ifndef directive
 #ifndef std::aligned_alloc
            ^
/g/g20/cuneo3/testraja/RAJA/build_lc_toss3-gcc-8.1.0/CMakeFiles/CMakeTmp/CheckSymbolExists.c:8:19: error: 'std' undeclared (first use in this function)
   return ((int*)(&std::aligned_alloc))[argc];
                   ^~~
/g/g20/cuneo3/testraja/RAJA/build_lc_toss3-gcc-8.1.0/CMakeFiles/CMakeTmp/CheckSymbolExists.c:8:19: note: each undeclared identifier is reported only once for each function it appears in
/g/g20/cuneo3/testraja/RAJA/build_lc_toss3-gcc-8.1.0/CMakeFiles/CMakeTmp/CheckSymbolExists.c:8:22: error: expected ')' before ':' token
   return ((int*)(&std::aligned_alloc))[argc];
                 ~    ^
                      )
/g/g20/cuneo3/testraja/RAJA/build_lc_toss3-gcc-8.1.0/CMakeFiles/CMakeTmp/CheckSymbolExists.c:4:14: warning: parameter 'argc' set but not used [-Wunused-but-set-parameter]
 int main(int argc, char** argv)
          ~~~~^~~~
gmake[1]: *** [CMakeFiles/cmTC_d6230.dir/CheckSymbolExists.c.o] Error 1
gmake[1]: Leaving directory `/g/g20/cuneo3/testraja/RAJA/build_lc_toss3-gcc-8.1.0/CMakeFiles/CMakeTmp'
gmake: *** [cmTC_d6230/fast] Error 2

File /g/g20/cuneo3/testraja/RAJA/build_lc_toss3-gcc-8.1.0/CMakeFiles/CMakeTmp/CheckSymbolExists.c:
/* */
#include <stdlib.h>

int main(int argc, char** argv)
{
  (void)argv;
#ifndef std::aligned_alloc
  return ((int*)(&std::aligned_alloc))[argc];
#else
  (void)argc;
  return 0;
#endif
}

Determining if the _mm_malloc exist failed with the following output:
Change Dir: /g/g20/cuneo3/testraja/RAJA/build_lc_toss3-gcc-8.1.0/CMakeFiles/CMakeTmp

Run Build Command(s):/usr/bin/gmake cmTC_c6b78/fast 
/usr/bin/gmake -f CMakeFiles/cmTC_c6b78.dir/build.make CMakeFiles/cmTC_c6b78.dir/build
gmake[1]: Entering directory `/g/g20/cuneo3/testraja/RAJA/build_lc_toss3-gcc-8.1.0/CMakeFiles/CMakeTmp'
Building C object CMakeFiles/cmTC_c6b78.dir/CheckSymbolExists.c.o
/usr/tce/packages/gcc/gcc-8.1.0/bin/cc   -Wall -Wextra    -fPIE   -o CMakeFiles/cmTC_c6b78.dir/CheckSymbolExists.c.o   -c /g/g20/cuneo3/testraja/RAJA/build_lc_toss3-gcc-8.1.0/CMakeFiles/CMakeTmp/CheckSymbolExists.c
/g/g20/cuneo3/testraja/RAJA/build_lc_toss3-gcc-8.1.0/CMakeFiles/CMakeTmp/CheckSymbolExists.c: In function 'main':
/g/g20/cuneo3/testraja/RAJA/build_lc_toss3-gcc-8.1.0/CMakeFiles/CMakeTmp/CheckSymbolExists.c:7:19: error: '_mm_malloc' undeclared (first use in this function)
   return ((int*)(&_mm_malloc))[argc];
                   ^~~~~~~~~~
/g/g20/cuneo3/testraja/RAJA/build_lc_toss3-gcc-8.1.0/CMakeFiles/CMakeTmp/CheckSymbolExists.c:7:19: note: each undeclared identifier is reported only once for each function it appears in
/g/g20/cuneo3/testraja/RAJA/build_lc_toss3-gcc-8.1.0/CMakeFiles/CMakeTmp/CheckSymbolExists.c:3:14: warning: parameter 'argc' set but not used [-Wunused-but-set-parameter]
 int main(int argc, char** argv)
          ~~~~^~~~
gmake[1]: *** [CMakeFiles/cmTC_c6b78.dir/CheckSymbolExists.c.o] Error 1
gmake[1]: Leaving directory `/g/g20/cuneo3/testraja/RAJA/build_lc_toss3-gcc-8.1.0/CMakeFiles/CMakeTmp'
gmake: *** [cmTC_c6b78/fast] Error 2

File /g/g20/cuneo3/testraja/RAJA/build_lc_toss3-gcc-8.1.0/CMakeFiles/CMakeTmp/CheckSymbolExists.c:
/* */

int main(int argc, char** argv)
{
  (void)argv;
#ifndef _mm_malloc
  return ((int*)(&_mm_malloc))[argc];
#else
  (void)argc;
  return 0;
#endif
}

